<?xml version="1.0" encoding="utf-8"?><testsuites><testsuite errors="0" failures="0" hostname="fv-az659" name="pytest" skipped="0" tests="46" time="71.064" timestamp="2020-04-26T02:48:50.109958"><testcase classname="zdevelop.tests.test_integration.TestLifecycle" file="zdevelop/tests/test_integration.py" line="82" name="test_login" time="5.272"></testcase><testcase classname="zdevelop.tests.test_integration.TestLifecycle" file="zdevelop/tests/test_integration.py" line="92" name="test_server_indexes_created" time="0.016"></testcase><testcase classname="zdevelop.tests.test_integration.TestLifecycle" file="zdevelop/tests/test_integration.py" line="106" name="test_user_indexes_created" time="0.003"></testcase><testcase classname="zdevelop.tests.test_integration.TestLifecycle" file="zdevelop/tests/test_integration.py" line="120" name="test_ticker_indexes_created" time="0.003"></testcase><testcase classname="zdevelop.tests.test_integration.TestLifecycle" file="zdevelop/tests/test_integration.py" line="143" name="test_server_added" time="0.003"></testcase><testcase classname="zdevelop.tests.test_integration.TestLifecycle" file="zdevelop/tests/test_integration.py" line="158" name="test_users_added" time="0.003"></testcase><testcase classname="zdevelop.tests.test_integration.TestLifecycle" file="zdevelop/tests/test_integration.py" line="175" name="test_error_on_no_timezone" time="0.283"></testcase><testcase classname="zdevelop.tests.test_integration.TestLifecycle" file="zdevelop/tests/test_integration.py" line="193" name="test_error_bad_tz" time="0.349"></testcase><testcase classname="zdevelop.tests.test_integration.TestLifecycle" file="zdevelop/tests/test_integration.py" line="211" name="test_set_timezone_response" time="0.811"></testcase><testcase classname="zdevelop.tests.test_integration.TestLifecycle" file="zdevelop/tests/test_integration.py" line="225" name="test_set_timezone_db" time="0.004"></testcase><testcase classname="zdevelop.tests.test_integration.TestLifecycle" file="zdevelop/tests/test_integration.py" line="238" name="test_set_bulletin_channel" time="0.710"></testcase><testcase classname="zdevelop.tests.test_integration.TestLifecycle" file="zdevelop/tests/test_integration.py" line="254" name="test_set_bulletin_channel_db" time="0.004"></testcase><testcase classname="zdevelop.tests.test_integration.TestLifecycle" file="zdevelop/tests/test_integration.py" line="265" name="test_set_bell_prices[0]" time="4.435"></testcase><testcase classname="zdevelop.tests.test_integration.TestLifecycle" file="zdevelop/tests/test_integration.py" line="265" name="test_set_bell_prices[1]" time="2.131"></testcase><testcase classname="zdevelop.tests.test_integration.TestLifecycle" file="zdevelop/tests/test_integration.py" line="265" name="test_set_bell_prices[2]" time="2.771"></testcase><testcase classname="zdevelop.tests.test_integration.TestLifecycle" file="zdevelop/tests/test_integration.py" line="265" name="test_set_bell_prices[3]" time="2.367"></testcase><testcase classname="zdevelop.tests.test_integration.TestLifecycle" file="zdevelop/tests/test_integration.py" line="265" name="test_set_bell_prices[4]" time="2.209"></testcase><testcase classname="zdevelop.tests.test_integration.TestLifecycle" file="zdevelop/tests/test_integration.py" line="265" name="test_set_bell_prices[5]" time="2.199"></testcase><testcase classname="zdevelop.tests.test_integration.TestLifecycle" file="zdevelop/tests/test_integration.py" line="265" name="test_set_bell_prices[6]" time="2.134"></testcase><testcase classname="zdevelop.tests.test_integration.TestLifecycle" file="zdevelop/tests/test_integration.py" line="265" name="test_set_bell_prices[7]" time="2.701"></testcase><testcase classname="zdevelop.tests.test_integration.TestLifecycle" file="zdevelop/tests/test_integration.py" line="265" name="test_set_bell_prices[8]" time="2.211"></testcase><testcase classname="zdevelop.tests.test_integration.TestLifecycle" file="zdevelop/tests/test_integration.py" line="265" name="test_set_bell_prices[9]" time="2.327"></testcase><testcase classname="zdevelop.tests.test_integration.TestLifecycle" file="zdevelop/tests/test_integration.py" line="265" name="test_set_bell_prices[10]" time="2.249"></testcase><testcase classname="zdevelop.tests.test_integration.TestLifecycle" file="zdevelop/tests/test_integration.py" line="265" name="test_set_bell_prices[11]" time="2.156"></testcase><testcase classname="zdevelop.tests.test_integration.TestLifecycle" file="zdevelop/tests/test_integration.py" line="265" name="test_set_bell_prices[12]" time="2.738"></testcase><testcase classname="zdevelop.tests.test_integration.TestLifecycle" file="zdevelop/tests/test_integration.py" line="354" name="test_ticker_db_values" time="0.007"></testcase><testcase classname="zdevelop.tests.test_integration.TestLifecycle" file="zdevelop/tests/test_integration.py" line="373" name="test_fetch_past_ticker[0]" time="0.912"></testcase><testcase classname="zdevelop.tests.test_integration.TestLifecycle" file="zdevelop/tests/test_integration.py" line="373" name="test_fetch_past_ticker[1]" time="4.414"></testcase><testcase classname="zdevelop.tests.test_integration.TestLifecycle" file="zdevelop/tests/test_integration.py" line="373" name="test_fetch_past_ticker[6]" time="0.858"></testcase><testcase classname="zdevelop.tests.test_integration.TestLifecycle" file="zdevelop/tests/test_integration.py" line="457" name="test_set_missed_am_ticker" time="1.522"></testcase><testcase classname="zdevelop.tests.test_integration.TestLifecycle" file="zdevelop/tests/test_integration.py" line="502" name="test_set_missed_previous_ticker[$ticker {} PM 4/14-201]" time="1.523"></testcase><testcase classname="zdevelop.tests.test_integration.TestLifecycle" file="zdevelop/tests/test_integration.py" line="502" name="test_set_missed_previous_ticker[$ticker {} 4/14 PM-202]" time="1.524"></testcase><testcase classname="zdevelop.tests.test_integration.TestLifecycle" file="zdevelop/tests/test_integration.py" line="502" name="test_set_missed_previous_ticker[$ticker PM {} 4/14-203]" time="1.625"></testcase><testcase classname="zdevelop.tests.test_integration.TestLifecycle" file="zdevelop/tests/test_integration.py" line="502" name="test_set_missed_previous_ticker[$ticker PM 4/14 {}-204]" time="1.621"></testcase><testcase classname="zdevelop.tests.test_integration.TestLifecycle" file="zdevelop/tests/test_integration.py" line="502" name="test_set_missed_previous_ticker[$ticker 4/14 PM {}-205]" time="1.522"></testcase><testcase classname="zdevelop.tests.test_integration.TestLifecycle" file="zdevelop/tests/test_integration.py" line="502" name="test_set_missed_previous_ticker[$ticker 4/14 {} PM-206]" time="1.724"></testcase><testcase classname="zdevelop.tests.test_integration.TestLifecycle" file="zdevelop/tests/test_integration.py" line="502" name="test_set_missed_previous_ticker[$ticker {} bells PM 4/14-207]" time="1.521"></testcase><testcase classname="zdevelop.tests.test_integration.TestLifecycle" file="zdevelop/tests/test_integration.py" line="502" name="test_set_missed_previous_ticker[$ticker {} bells 4/14 PM-208]" time="1.622"></testcase><testcase classname="zdevelop.tests.test_integration.TestLifecycle" file="zdevelop/tests/test_integration.py" line="502" name="test_set_missed_previous_ticker[$ticker PM {} bells 4/14-209]" time="1.522"></testcase><testcase classname="zdevelop.tests.test_integration.TestLifecycle" file="zdevelop/tests/test_integration.py" line="502" name="test_set_missed_previous_ticker[$ticker PM 4/14 {} bells-210]" time="1.521"></testcase><testcase classname="zdevelop.tests.test_integration.TestLifecycle" file="zdevelop/tests/test_integration.py" line="502" name="test_set_missed_previous_ticker[$ticker 4/14 PM {} bells-211]" time="1.522"></testcase><testcase classname="zdevelop.tests.test_integration.TestLifecycle" file="zdevelop/tests/test_integration.py" line="502" name="test_set_missed_previous_ticker[$ticker 4/14 {} bells PM-212]" time="1.525"></testcase><testcase classname="zdevelop.tests.test_integration.TestLifecycle" file="zdevelop/tests/test_integration.py" line="502" name="test_set_missed_previous_ticker[$ticker 4/14/2020 {} bells PM-212]" time="1.822"></testcase><testcase classname="zdevelop.tests.test_integration.TestLifecycle" file="zdevelop/tests/test_integration.py" line="571" name="test_previous_year" time="0.289"></testcase><testcase classname="zdevelop.tests.test_integration.TestLifecycle" file="zdevelop/tests/test_integration.py" line="609" name="test_time_traveller_error" time="0.243"></testcase><testcase classname="zdevelop.tests.test_integration.TestLifecycle" file="zdevelop/tests/test_integration.py" line="638" name="test_time_of_day_required_error" time="0.875"></testcase></testsuite></testsuites>