<?xml version="1.0" encoding="utf-8"?><testsuites><testsuite errors="0" failures="0" hostname="fv-az578" name="pytest" skipped="0" tests="47" time="73.102" timestamp="2020-04-26T05:30:34.293090"><testcase classname="zdevelop.tests.test_integration.TestLifecycle" file="zdevelop/tests/test_integration.py" line="91" name="test_login" time="5.249"></testcase><testcase classname="zdevelop.tests.test_integration.TestLifecycle" file="zdevelop/tests/test_integration.py" line="101" name="test_server_indexes_created" time="0.013"></testcase><testcase classname="zdevelop.tests.test_integration.TestLifecycle" file="zdevelop/tests/test_integration.py" line="115" name="test_user_indexes_created" time="0.002"></testcase><testcase classname="zdevelop.tests.test_integration.TestLifecycle" file="zdevelop/tests/test_integration.py" line="129" name="test_ticker_indexes_created" time="0.002"></testcase><testcase classname="zdevelop.tests.test_integration.TestLifecycle" file="zdevelop/tests/test_integration.py" line="152" name="test_server_added" time="0.002"></testcase><testcase classname="zdevelop.tests.test_integration.TestLifecycle" file="zdevelop/tests/test_integration.py" line="168" name="test_users_added" time="0.002"></testcase><testcase classname="zdevelop.tests.test_integration.TestLifecycle" file="zdevelop/tests/test_integration.py" line="185" name="test_error_on_no_timezone" time="0.301"></testcase><testcase classname="zdevelop.tests.test_integration.TestLifecycle" file="zdevelop/tests/test_integration.py" line="203" name="test_error_bad_tz" time="0.249"></testcase><testcase classname="zdevelop.tests.test_integration.TestLifecycle" file="zdevelop/tests/test_integration.py" line="221" name="test_set_timezone_response" time="0.710"></testcase><testcase classname="zdevelop.tests.test_integration.TestLifecycle" file="zdevelop/tests/test_integration.py" line="235" name="test_set_timezone_db" time="0.003"></testcase><testcase classname="zdevelop.tests.test_integration.TestLifecycle" file="zdevelop/tests/test_integration.py" line="248" name="test_set_bulletin_channel" time="0.707"></testcase><testcase classname="zdevelop.tests.test_integration.TestLifecycle" file="zdevelop/tests/test_integration.py" line="264" name="test_set_bulletin_channel_db" time="0.003"></testcase><testcase classname="zdevelop.tests.test_integration.TestLifecycle" file="zdevelop/tests/test_integration.py" line="275" name="test_set_bulletin_minimum" time="0.606"></testcase><testcase classname="zdevelop.tests.test_integration.TestLifecycle" file="zdevelop/tests/test_integration.py" line="291" name="test_set_bell_prices[0]" time="3.553"></testcase><testcase classname="zdevelop.tests.test_integration.TestLifecycle" file="zdevelop/tests/test_integration.py" line="291" name="test_set_bell_prices[1]" time="1.300"></testcase><testcase classname="zdevelop.tests.test_integration.TestLifecycle" file="zdevelop/tests/test_integration.py" line="291" name="test_set_bell_prices[2]" time="3.583"></testcase><testcase classname="zdevelop.tests.test_integration.TestLifecycle" file="zdevelop/tests/test_integration.py" line="291" name="test_set_bell_prices[3]" time="1.517"></testcase><testcase classname="zdevelop.tests.test_integration.TestLifecycle" file="zdevelop/tests/test_integration.py" line="291" name="test_set_bell_prices[4]" time="5.892"></testcase><testcase classname="zdevelop.tests.test_integration.TestLifecycle" file="zdevelop/tests/test_integration.py" line="291" name="test_set_bell_prices[5]" time="1.413"></testcase><testcase classname="zdevelop.tests.test_integration.TestLifecycle" file="zdevelop/tests/test_integration.py" line="291" name="test_set_bell_prices[6]" time="1.384"></testcase><testcase classname="zdevelop.tests.test_integration.TestLifecycle" file="zdevelop/tests/test_integration.py" line="291" name="test_set_bell_prices[7]" time="2.730"></testcase><testcase classname="zdevelop.tests.test_integration.TestLifecycle" file="zdevelop/tests/test_integration.py" line="291" name="test_set_bell_prices[8]" time="1.533"></testcase><testcase classname="zdevelop.tests.test_integration.TestLifecycle" file="zdevelop/tests/test_integration.py" line="291" name="test_set_bell_prices[9]" time="3.379"></testcase><testcase classname="zdevelop.tests.test_integration.TestLifecycle" file="zdevelop/tests/test_integration.py" line="291" name="test_set_bell_prices[10]" time="1.435"></testcase><testcase classname="zdevelop.tests.test_integration.TestLifecycle" file="zdevelop/tests/test_integration.py" line="291" name="test_set_bell_prices[11]" time="2.136"></testcase><testcase classname="zdevelop.tests.test_integration.TestLifecycle" file="zdevelop/tests/test_integration.py" line="291" name="test_set_bell_prices[12]" time="2.317"></testcase><testcase classname="zdevelop.tests.test_integration.TestLifecycle" file="zdevelop/tests/test_integration.py" line="395" name="test_ticker_db_values" time="0.004"></testcase><testcase classname="zdevelop.tests.test_integration.TestLifecycle" file="zdevelop/tests/test_integration.py" line="414" name="test_fetch_past_ticker[0]" time="0.640"></testcase><testcase classname="zdevelop.tests.test_integration.TestLifecycle" file="zdevelop/tests/test_integration.py" line="414" name="test_fetch_past_ticker[1]" time="4.713"></testcase><testcase classname="zdevelop.tests.test_integration.TestLifecycle" file="zdevelop/tests/test_integration.py" line="414" name="test_fetch_past_ticker[6]" time="4.711"></testcase><testcase classname="zdevelop.tests.test_integration.TestLifecycle" file="zdevelop/tests/test_integration.py" line="498" name="test_set_missed_am_ticker" time="1.315"></testcase><testcase classname="zdevelop.tests.test_integration.TestLifecycle" file="zdevelop/tests/test_integration.py" line="546" name="test_set_missed_previous_ticker[$ticker {} PM 4/14-201]" time="1.417"></testcase><testcase classname="zdevelop.tests.test_integration.TestLifecycle" file="zdevelop/tests/test_integration.py" line="546" name="test_set_missed_previous_ticker[$ticker {} 4/14 PM-202]" time="1.414"></testcase><testcase classname="zdevelop.tests.test_integration.TestLifecycle" file="zdevelop/tests/test_integration.py" line="546" name="test_set_missed_previous_ticker[$ticker PM {} 4/14-203]" time="1.416"></testcase><testcase classname="zdevelop.tests.test_integration.TestLifecycle" file="zdevelop/tests/test_integration.py" line="546" name="test_set_missed_previous_ticker[$ticker PM 4/14 {}-204]" time="1.615"></testcase><testcase classname="zdevelop.tests.test_integration.TestLifecycle" file="zdevelop/tests/test_integration.py" line="546" name="test_set_missed_previous_ticker[$ticker 4/14 PM {}-205]" time="1.414"></testcase><testcase classname="zdevelop.tests.test_integration.TestLifecycle" file="zdevelop/tests/test_integration.py" line="546" name="test_set_missed_previous_ticker[$ticker 4/14 {} PM-206]" time="1.421"></testcase><testcase classname="zdevelop.tests.test_integration.TestLifecycle" file="zdevelop/tests/test_integration.py" line="546" name="test_set_missed_previous_ticker[$ticker {} bells PM 4/14-207]" time="1.518"></testcase><testcase classname="zdevelop.tests.test_integration.TestLifecycle" file="zdevelop/tests/test_integration.py" line="546" name="test_set_missed_previous_ticker[$ticker {} bells 4/14 PM-208]" time="1.414"></testcase><testcase classname="zdevelop.tests.test_integration.TestLifecycle" file="zdevelop/tests/test_integration.py" line="546" name="test_set_missed_previous_ticker[$ticker PM {} bells 4/14-209]" time="1.619"></testcase><testcase classname="zdevelop.tests.test_integration.TestLifecycle" file="zdevelop/tests/test_integration.py" line="546" name="test_set_missed_previous_ticker[$ticker PM 4/14 {} bells-210]" time="1.416"></testcase><testcase classname="zdevelop.tests.test_integration.TestLifecycle" file="zdevelop/tests/test_integration.py" line="546" name="test_set_missed_previous_ticker[$ticker 4/14 PM {} bells-211]" time="1.415"></testcase><testcase classname="zdevelop.tests.test_integration.TestLifecycle" file="zdevelop/tests/test_integration.py" line="546" name="test_set_missed_previous_ticker[$ticker 4/14 {} bells PM-212]" time="1.417"></testcase><testcase classname="zdevelop.tests.test_integration.TestLifecycle" file="zdevelop/tests/test_integration.py" line="546" name="test_set_missed_previous_ticker[$ticker 4/14/2020 {} bells PM-213]" time="1.519"></testcase><testcase classname="zdevelop.tests.test_integration.TestLifecycle" file="zdevelop/tests/test_integration.py" line="615" name="test_previous_year" time="0.299"></testcase><testcase classname="zdevelop.tests.test_integration.TestLifecycle" file="zdevelop/tests/test_integration.py" line="653" name="test_time_traveller_error" time="0.228"></testcase><testcase classname="zdevelop.tests.test_integration.TestLifecycle" file="zdevelop/tests/test_integration.py" line="682" name="test_time_of_day_required_error" time="0.663"></testcase></testsuite></testsuites>