<?xml version="1.0" encoding="utf-8"?><testsuites><testsuite errors="0" failures="0" hostname="fv-az578" name="pytest" skipped="0" tests="50" time="70.625" timestamp="2020-04-26T23:05:11.778325"><testcase classname="zdevelop.tests.test_integration.TestLifecycle" file="zdevelop/tests/test_integration.py" line="87" name="test_login" time="5.433"></testcase><testcase classname="zdevelop.tests.test_integration.TestLifecycle" file="zdevelop/tests/test_integration.py" line="97" name="test_server_indexes_created" time="0.015"></testcase><testcase classname="zdevelop.tests.test_integration.TestLifecycle" file="zdevelop/tests/test_integration.py" line="111" name="test_user_indexes_created" time="0.003"></testcase><testcase classname="zdevelop.tests.test_integration.TestLifecycle" file="zdevelop/tests/test_integration.py" line="125" name="test_ticker_indexes_created" time="0.003"></testcase><testcase classname="zdevelop.tests.test_integration.TestLifecycle" file="zdevelop/tests/test_integration.py" line="148" name="test_server_added" time="0.003"></testcase><testcase classname="zdevelop.tests.test_integration.TestLifecycle" file="zdevelop/tests/test_integration.py" line="163" name="test_users_added" time="0.002"></testcase><testcase classname="zdevelop.tests.test_integration.TestLifecycle" file="zdevelop/tests/test_integration.py" line="180" name="test_investor_role_created" time="0.001"></testcase><testcase classname="zdevelop.tests.test_integration.TestLifecycle" file="zdevelop/tests/test_integration.py" line="190" name="test_error_on_no_timezone" time="0.221"></testcase><testcase classname="zdevelop.tests.test_integration.TestLifecycle" file="zdevelop/tests/test_integration.py" line="208" name="test_error_bad_tz" time="0.364"></testcase><testcase classname="zdevelop.tests.test_integration.TestLifecycle" file="zdevelop/tests/test_integration.py" line="226" name="test_set_timezone_response" time="0.711"></testcase><testcase classname="zdevelop.tests.test_integration.TestLifecycle" file="zdevelop/tests/test_integration.py" line="240" name="test_set_timezone_db" time="0.005"></testcase><testcase classname="zdevelop.tests.test_integration.TestLifecycle" file="zdevelop/tests/test_integration.py" line="253" name="test_bulletins_subscribe" time="0.812"></testcase><testcase classname="zdevelop.tests.test_integration.TestLifecycle" file="zdevelop/tests/test_integration.py" line="273" name="test_bulletins_unsubscribe" time="0.712"></testcase><testcase classname="zdevelop.tests.test_integration.TestLifecycle" file="zdevelop/tests/test_integration.py" line="293" name="test_set_bulletin_channel" time="0.811"></testcase><testcase classname="zdevelop.tests.test_integration.TestLifecycle" file="zdevelop/tests/test_integration.py" line="309" name="test_set_bulletin_channel_db" time="0.004"></testcase><testcase classname="zdevelop.tests.test_integration.TestLifecycle" file="zdevelop/tests/test_integration.py" line="320" name="test_set_bulletin_minimum" time="0.708"></testcase><testcase classname="zdevelop.tests.test_integration.TestLifecycle" file="zdevelop/tests/test_integration.py" line="336" name="test_set_bell_prices[0]" time="3.661"></testcase><testcase classname="zdevelop.tests.test_integration.TestLifecycle" file="zdevelop/tests/test_integration.py" line="336" name="test_set_bell_prices[1]" time="1.463"></testcase><testcase classname="zdevelop.tests.test_integration.TestLifecycle" file="zdevelop/tests/test_integration.py" line="336" name="test_set_bell_prices[2]" time="3.436"></testcase><testcase classname="zdevelop.tests.test_integration.TestLifecycle" file="zdevelop/tests/test_integration.py" line="336" name="test_set_bell_prices[3]" time="1.456"></testcase><testcase classname="zdevelop.tests.test_integration.TestLifecycle" file="zdevelop/tests/test_integration.py" line="336" name="test_set_bell_prices[4]" time="1.423"></testcase><testcase classname="zdevelop.tests.test_integration.TestLifecycle" file="zdevelop/tests/test_integration.py" line="336" name="test_set_bell_prices[5]" time="2.857"></testcase><testcase classname="zdevelop.tests.test_integration.TestLifecycle" file="zdevelop/tests/test_integration.py" line="336" name="test_set_bell_prices[6]" time="1.482"></testcase><testcase classname="zdevelop.tests.test_integration.TestLifecycle" file="zdevelop/tests/test_integration.py" line="336" name="test_set_bell_prices[7]" time="3.321"></testcase><testcase classname="zdevelop.tests.test_integration.TestLifecycle" file="zdevelop/tests/test_integration.py" line="336" name="test_set_bell_prices[8]" time="1.433"></testcase><testcase classname="zdevelop.tests.test_integration.TestLifecycle" file="zdevelop/tests/test_integration.py" line="336" name="test_set_bell_prices[9]" time="1.643"></testcase><testcase classname="zdevelop.tests.test_integration.TestLifecycle" file="zdevelop/tests/test_integration.py" line="336" name="test_set_bell_prices[10]" time="2.281"></testcase><testcase classname="zdevelop.tests.test_integration.TestLifecycle" file="zdevelop/tests/test_integration.py" line="336" name="test_set_bell_prices[11]" time="1.521"></testcase><testcase classname="zdevelop.tests.test_integration.TestLifecycle" file="zdevelop/tests/test_integration.py" line="336" name="test_set_bell_prices[12]" time="3.410"></testcase><testcase classname="zdevelop.tests.test_integration.TestLifecycle" file="zdevelop/tests/test_integration.py" line="452" name="test_ticker_db_values" time="0.006"></testcase><testcase classname="zdevelop.tests.test_integration.TestLifecycle" file="zdevelop/tests/test_integration.py" line="471" name="test_fetch_past_ticker[0]" time="0.667"></testcase><testcase classname="zdevelop.tests.test_integration.TestLifecycle" file="zdevelop/tests/test_integration.py" line="471" name="test_fetch_past_ticker[1]" time="4.831"></testcase><testcase classname="zdevelop.tests.test_integration.TestLifecycle" file="zdevelop/tests/test_integration.py" line="471" name="test_fetch_past_ticker[6]" time="1.410"></testcase><testcase classname="zdevelop.tests.test_integration.TestLifecycle" file="zdevelop/tests/test_integration.py" line="557" name="test_set_missed_am_ticker" time="1.518"></testcase><testcase classname="zdevelop.tests.test_integration.TestLifecycle" file="zdevelop/tests/test_integration.py" line="605" name="test_set_missed_previous_ticker[$ticker {} PM 4/14-201]" time="1.521"></testcase><testcase classname="zdevelop.tests.test_integration.TestLifecycle" file="zdevelop/tests/test_integration.py" line="605" name="test_set_missed_previous_ticker[$ticker {} 4/14 PM-202]" time="1.519"></testcase><testcase classname="zdevelop.tests.test_integration.TestLifecycle" file="zdevelop/tests/test_integration.py" line="605" name="test_set_missed_previous_ticker[$ticker PM {} 4/14-203]" time="1.521"></testcase><testcase classname="zdevelop.tests.test_integration.TestLifecycle" file="zdevelop/tests/test_integration.py" line="605" name="test_set_missed_previous_ticker[$ticker PM 4/14 {}-204]" time="1.521"></testcase><testcase classname="zdevelop.tests.test_integration.TestLifecycle" file="zdevelop/tests/test_integration.py" line="605" name="test_set_missed_previous_ticker[$ticker 4/14 PM {}-205]" time="1.520"></testcase><testcase classname="zdevelop.tests.test_integration.TestLifecycle" file="zdevelop/tests/test_integration.py" line="605" name="test_set_missed_previous_ticker[$ticker 4/14 {} PM-206]" time="1.620"></testcase><testcase classname="zdevelop.tests.test_integration.TestLifecycle" file="zdevelop/tests/test_integration.py" line="605" name="test_set_missed_previous_ticker[$ticker {} bells PM 4/14-207]" time="1.420"></testcase><testcase classname="zdevelop.tests.test_integration.TestLifecycle" file="zdevelop/tests/test_integration.py" line="605" name="test_set_missed_previous_ticker[$ticker {} bells 4/14 PM-208]" time="1.422"></testcase><testcase classname="zdevelop.tests.test_integration.TestLifecycle" file="zdevelop/tests/test_integration.py" line="605" name="test_set_missed_previous_ticker[$ticker PM {} bells 4/14-209]" time="1.521"></testcase><testcase classname="zdevelop.tests.test_integration.TestLifecycle" file="zdevelop/tests/test_integration.py" line="605" name="test_set_missed_previous_ticker[$ticker PM 4/14 {} bells-210]" time="1.523"></testcase><testcase classname="zdevelop.tests.test_integration.TestLifecycle" file="zdevelop/tests/test_integration.py" line="605" name="test_set_missed_previous_ticker[$ticker 4/14 PM {} bells-211]" time="1.420"></testcase><testcase classname="zdevelop.tests.test_integration.TestLifecycle" file="zdevelop/tests/test_integration.py" line="605" name="test_set_missed_previous_ticker[$ticker 4/14 {} bells PM-212]" time="1.520"></testcase><testcase classname="zdevelop.tests.test_integration.TestLifecycle" file="zdevelop/tests/test_integration.py" line="605" name="test_set_missed_previous_ticker[$ticker 4/14/2020 {} bells PM-213]" time="1.420"></testcase><testcase classname="zdevelop.tests.test_integration.TestLifecycle" file="zdevelop/tests/test_integration.py" line="674" name="test_previous_year" time="0.257"></testcase><testcase classname="zdevelop.tests.test_integration.TestLifecycle" file="zdevelop/tests/test_integration.py" line="714" name="test_time_traveller_error" time="0.333"></testcase><testcase classname="zdevelop.tests.test_integration.TestLifecycle" file="zdevelop/tests/test_integration.py" line="743" name="test_time_of_day_required_error" time="1.053"></testcase></testsuite></testsuites>