<?xml version="1.0" encoding="utf-8"?><testsuites><testsuite errors="0" failures="0" hostname="fv-az578" name="pytest" skipped="0" tests="73" time="103.924" timestamp="2020-06-03T18:43:37.565776"><testcase classname="zdevelop.tests.test_integration.TestLifecycle" file="zdevelop/tests/test_integration.py" line="89" name="test_login" time="5.374"></testcase><testcase classname="zdevelop.tests.test_integration.TestLifecycle" file="zdevelop/tests/test_integration.py" line="99" name="test_server_indexes_created" time="0.016"></testcase><testcase classname="zdevelop.tests.test_integration.TestLifecycle" file="zdevelop/tests/test_integration.py" line="113" name="test_user_indexes_created" time="0.002"></testcase><testcase classname="zdevelop.tests.test_integration.TestLifecycle" file="zdevelop/tests/test_integration.py" line="127" name="test_ticker_indexes_created" time="0.002"></testcase><testcase classname="zdevelop.tests.test_integration.TestLifecycle" file="zdevelop/tests/test_integration.py" line="150" name="test_server_added" time="0.003"></testcase><testcase classname="zdevelop.tests.test_integration.TestLifecycle" file="zdevelop/tests/test_integration.py" line="165" name="test_users_added" time="0.002"></testcase><testcase classname="zdevelop.tests.test_integration.TestLifecycle" file="zdevelop/tests/test_integration.py" line="182" name="test_investor_role_created" time="0.001"></testcase><testcase classname="zdevelop.tests.test_integration.TestLifecycle" file="zdevelop/tests/test_integration.py" line="192" name="test_error_on_no_timezone" time="0.214"></testcase><testcase classname="zdevelop.tests.test_integration.TestLifecycle" file="zdevelop/tests/test_integration.py" line="210" name="test_error_bad_tz" time="0.238"></testcase><testcase classname="zdevelop.tests.test_integration.TestLifecycle" file="zdevelop/tests/test_integration.py" line="228" name="test_set_timezone_response" time="0.607"></testcase><testcase classname="zdevelop.tests.test_integration.TestLifecycle" file="zdevelop/tests/test_integration.py" line="242" name="test_set_timezone_response_user2" time="3.023"></testcase><testcase classname="zdevelop.tests.test_integration.TestLifecycle" file="zdevelop/tests/test_integration.py" line="256" name="test_set_timezone_db" time="0.005"></testcase><testcase classname="zdevelop.tests.test_integration.TestLifecycle" file="zdevelop/tests/test_integration.py" line="269" name="test_set_timezone_db_user2" time="0.003"></testcase><testcase classname="zdevelop.tests.test_integration.TestLifecycle" file="zdevelop/tests/test_integration.py" line="340" name="test_bulletins_subscribe_user1" time="1.014"></testcase><testcase classname="zdevelop.tests.test_integration.TestLifecycle" file="zdevelop/tests/test_integration.py" line="353" name="test_bulletins_unsubscribe_user1" time="0.813"></testcase><testcase classname="zdevelop.tests.test_integration.TestLifecycle" file="zdevelop/tests/test_integration.py" line="359" name="test_bulletins_subscribe_user2" time="1.114"></testcase><testcase classname="zdevelop.tests.test_integration.TestLifecycle" file="zdevelop/tests/test_integration.py" line="372" name="test_bulletins_unsubscribe_user2" time="0.811"></testcase><testcase classname="zdevelop.tests.test_integration.TestLifecycle" file="zdevelop/tests/test_integration.py" line="378" name="test_set_bulletin_channel" time="0.708"></testcase><testcase classname="zdevelop.tests.test_integration.TestLifecycle" file="zdevelop/tests/test_integration.py" line="394" name="test_set_bulletin_channel_db" time="0.005"></testcase><testcase classname="zdevelop.tests.test_integration.TestLifecycle" file="zdevelop/tests/test_integration.py" line="405" name="test_set_bulletin_minimum" time="0.710"></testcase><testcase classname="zdevelop.tests.test_integration.TestLifecycle" file="zdevelop/tests/test_integration.py" line="421" name="test_bulletin_minimum_db" time="0.005"></testcase><testcase classname="zdevelop.tests.test_integration.TestLifecycle" file="zdevelop/tests/test_integration.py" line="431" name="test_set_heat_minimum" time="0.709"></testcase><testcase classname="zdevelop.tests.test_integration.TestLifecycle" file="zdevelop/tests/test_integration.py" line="447" name="test_heat_minimum_db" time="0.005"></testcase><testcase classname="zdevelop.tests.test_integration.TestLifecycle" file="zdevelop/tests/test_integration.py" line="457" name="test_get_forecast" time="1.738"></testcase><testcase classname="zdevelop.tests.test_integration.TestLifecycle" file="zdevelop/tests/test_integration.py" line="489" name="test_set_bell_prices[0-1]" time="1.343"></testcase><testcase classname="zdevelop.tests.test_integration.TestLifecycle" file="zdevelop/tests/test_integration.py" line="489" name="test_set_bell_prices[0-2]" time="1.288"></testcase><testcase classname="zdevelop.tests.test_integration.TestLifecycle" file="zdevelop/tests/test_integration.py" line="489" name="test_set_bell_prices[1-1]" time="2.642"></testcase><testcase classname="zdevelop.tests.test_integration.TestLifecycle" file="zdevelop/tests/test_integration.py" line="489" name="test_set_bell_prices[1-2]" time="1.482"></testcase><testcase classname="zdevelop.tests.test_integration.TestLifecycle" file="zdevelop/tests/test_integration.py" line="489" name="test_set_bell_prices[2-1]" time="3.429"></testcase><testcase classname="zdevelop.tests.test_integration.TestLifecycle" file="zdevelop/tests/test_integration.py" line="489" name="test_set_bell_prices[2-2]" time="1.605"></testcase><testcase classname="zdevelop.tests.test_integration.TestLifecycle" file="zdevelop/tests/test_integration.py" line="489" name="test_set_bell_prices[3-1]" time="1.679"></testcase><testcase classname="zdevelop.tests.test_integration.TestLifecycle" file="zdevelop/tests/test_integration.py" line="489" name="test_set_bell_prices[3-2]" time="2.047"></testcase><testcase classname="zdevelop.tests.test_integration.TestLifecycle" file="zdevelop/tests/test_integration.py" line="489" name="test_set_bell_prices[4-1]" time="1.604"></testcase><testcase classname="zdevelop.tests.test_integration.TestLifecycle" file="zdevelop/tests/test_integration.py" line="489" name="test_set_bell_prices[4-2]" time="3.258"></testcase><testcase classname="zdevelop.tests.test_integration.TestLifecycle" file="zdevelop/tests/test_integration.py" line="489" name="test_set_bell_prices[5-1]" time="1.651"></testcase><testcase classname="zdevelop.tests.test_integration.TestLifecycle" file="zdevelop/tests/test_integration.py" line="489" name="test_set_bell_prices[5-2]" time="1.688"></testcase><testcase classname="zdevelop.tests.test_integration.TestLifecycle" file="zdevelop/tests/test_integration.py" line="489" name="test_set_bell_prices[6-1]" time="1.994"></testcase><testcase classname="zdevelop.tests.test_integration.TestLifecycle" file="zdevelop/tests/test_integration.py" line="489" name="test_set_bell_prices[6-2]" time="1.502"></testcase><testcase classname="zdevelop.tests.test_integration.TestLifecycle" file="zdevelop/tests/test_integration.py" line="489" name="test_set_bell_prices[7-1]" time="3.380"></testcase><testcase classname="zdevelop.tests.test_integration.TestLifecycle" file="zdevelop/tests/test_integration.py" line="489" name="test_set_bell_prices[7-2]" time="1.518"></testcase><testcase classname="zdevelop.tests.test_integration.TestLifecycle" file="zdevelop/tests/test_integration.py" line="489" name="test_set_bell_prices[8-1]" time="1.565"></testcase><testcase classname="zdevelop.tests.test_integration.TestLifecycle" file="zdevelop/tests/test_integration.py" line="489" name="test_set_bell_prices[8-2]" time="2.358"></testcase><testcase classname="zdevelop.tests.test_integration.TestLifecycle" file="zdevelop/tests/test_integration.py" line="489" name="test_set_bell_prices[9-1]" time="2.130"></testcase><testcase classname="zdevelop.tests.test_integration.TestLifecycle" file="zdevelop/tests/test_integration.py" line="489" name="test_set_bell_prices[9-2]" time="2.788"></testcase><testcase classname="zdevelop.tests.test_integration.TestLifecycle" file="zdevelop/tests/test_integration.py" line="489" name="test_set_bell_prices[10-1]" time="1.298"></testcase><testcase classname="zdevelop.tests.test_integration.TestLifecycle" file="zdevelop/tests/test_integration.py" line="489" name="test_set_bell_prices[10-2]" time="1.582"></testcase><testcase classname="zdevelop.tests.test_integration.TestLifecycle" file="zdevelop/tests/test_integration.py" line="489" name="test_set_bell_prices[11-1]" time="2.400"></testcase><testcase classname="zdevelop.tests.test_integration.TestLifecycle" file="zdevelop/tests/test_integration.py" line="489" name="test_set_bell_prices[11-2]" time="1.547"></testcase><testcase classname="zdevelop.tests.test_integration.TestLifecycle" file="zdevelop/tests/test_integration.py" line="489" name="test_set_bell_prices[12-1]" time="3.371"></testcase><testcase classname="zdevelop.tests.test_integration.TestLifecycle" file="zdevelop/tests/test_integration.py" line="489" name="test_set_bell_prices[12-2]" time="1.614"></testcase><testcase classname="zdevelop.tests.test_integration.TestLifecycle" file="zdevelop/tests/test_integration.py" line="658" name="test_ticker_db_values" time="0.008"></testcase><testcase classname="zdevelop.tests.test_integration.TestLifecycle" file="zdevelop/tests/test_integration.py" line="678" name="test_ticker_db_values_user2" time="0.005"></testcase><testcase classname="zdevelop.tests.test_integration.TestLifecycle" file="zdevelop/tests/test_integration.py" line="700" name="test_fetch_past_ticker[0]" time="3.465"></testcase><testcase classname="zdevelop.tests.test_integration.TestLifecycle" file="zdevelop/tests/test_integration.py" line="700" name="test_fetch_past_ticker[1]" time="0.590"></testcase><testcase classname="zdevelop.tests.test_integration.TestLifecycle" file="zdevelop/tests/test_integration.py" line="700" name="test_fetch_past_ticker[6]" time="4.798"></testcase><testcase classname="zdevelop.tests.test_integration.TestLifecycle" file="zdevelop/tests/test_integration.py" line="786" name="test_set_missed_am_ticker" time="1.525"></testcase><testcase classname="zdevelop.tests.test_integration.TestLifecycle" file="zdevelop/tests/test_integration.py" line="834" name="test_set_missed_previous_ticker[$ticker {} PM 4/17-410]" time="1.422"></testcase><testcase classname="zdevelop.tests.test_integration.TestLifecycle" file="zdevelop/tests/test_integration.py" line="834" name="test_set_missed_previous_ticker[$ticker {} 4/17 PM-411]" time="1.321"></testcase><testcase classname="zdevelop.tests.test_integration.TestLifecycle" file="zdevelop/tests/test_integration.py" line="834" name="test_set_missed_previous_ticker[$ticker PM {} 4/17-412]" time="1.421"></testcase><testcase classname="zdevelop.tests.test_integration.TestLifecycle" file="zdevelop/tests/test_integration.py" line="834" name="test_set_missed_previous_ticker[$ticker PM 4/17 {}-413]" time="1.425"></testcase><testcase classname="zdevelop.tests.test_integration.TestLifecycle" file="zdevelop/tests/test_integration.py" line="834" name="test_set_missed_previous_ticker[$ticker 4/17 PM {}-414]" time="1.521"></testcase><testcase classname="zdevelop.tests.test_integration.TestLifecycle" file="zdevelop/tests/test_integration.py" line="834" name="test_set_missed_previous_ticker[$ticker 4/17 {} PM-415]" time="1.320"></testcase><testcase classname="zdevelop.tests.test_integration.TestLifecycle" file="zdevelop/tests/test_integration.py" line="834" name="test_set_missed_previous_ticker[$ticker {} bells PM 4/17-416]" time="1.621"></testcase><testcase classname="zdevelop.tests.test_integration.TestLifecycle" file="zdevelop/tests/test_integration.py" line="834" name="test_set_missed_previous_ticker[$ticker {} bells 4/17 PM-417]" time="1.422"></testcase><testcase classname="zdevelop.tests.test_integration.TestLifecycle" file="zdevelop/tests/test_integration.py" line="834" name="test_set_missed_previous_ticker[$ticker PM {} bells 4/17-418]" time="1.421"></testcase><testcase classname="zdevelop.tests.test_integration.TestLifecycle" file="zdevelop/tests/test_integration.py" line="834" name="test_set_missed_previous_ticker[$ticker PM 4/17 {} bells-419]" time="1.525"></testcase><testcase classname="zdevelop.tests.test_integration.TestLifecycle" file="zdevelop/tests/test_integration.py" line="834" name="test_set_missed_previous_ticker[$ticker 4/17 PM {} bells-420]" time="1.423"></testcase><testcase classname="zdevelop.tests.test_integration.TestLifecycle" file="zdevelop/tests/test_integration.py" line="834" name="test_set_missed_previous_ticker[$ticker 4/17 {} bells PM-421]" time="1.522"></testcase><testcase classname="zdevelop.tests.test_integration.TestLifecycle" file="zdevelop/tests/test_integration.py" line="834" name="test_set_missed_previous_ticker[$ticker 4/17/2020 {} bells PM-422]" time="1.521"></testcase><testcase classname="zdevelop.tests.test_integration.TestLifecycle" file="zdevelop/tests/test_integration.py" line="907" name="test_previous_year" time="0.202"></testcase><testcase classname="zdevelop.tests.test_integration.TestLifecycle" file="zdevelop/tests/test_integration.py" line="947" name="test_time_traveller_error" time="0.199"></testcase><testcase classname="zdevelop.tests.test_integration.TestLifecycle" file="zdevelop/tests/test_integration.py" line="976" name="test_time_of_day_required_error" time="0.269"></testcase><testcase classname="zdevelop.tests.test_integration.TestLifecycle" file="zdevelop/tests/test_integration.py" line="1010" name="test_impossible_ticker_error" time="2.254"></testcase></testsuite></testsuites>