<?xml version="1.0" encoding="utf-8"?><testsuites><testsuite errors="0" failures="0" hostname="fv-az578" name="pytest" skipped="0" tests="68" time="101.933" timestamp="2020-04-27T19:22:52.113386"><testcase classname="zdevelop.tests.test_integration.TestLifecycle" file="zdevelop/tests/test_integration.py" line="87" name="test_login" time="5.475"></testcase><testcase classname="zdevelop.tests.test_integration.TestLifecycle" file="zdevelop/tests/test_integration.py" line="97" name="test_server_indexes_created" time="0.017"></testcase><testcase classname="zdevelop.tests.test_integration.TestLifecycle" file="zdevelop/tests/test_integration.py" line="111" name="test_user_indexes_created" time="0.002"></testcase><testcase classname="zdevelop.tests.test_integration.TestLifecycle" file="zdevelop/tests/test_integration.py" line="125" name="test_ticker_indexes_created" time="0.002"></testcase><testcase classname="zdevelop.tests.test_integration.TestLifecycle" file="zdevelop/tests/test_integration.py" line="148" name="test_server_added" time="0.002"></testcase><testcase classname="zdevelop.tests.test_integration.TestLifecycle" file="zdevelop/tests/test_integration.py" line="163" name="test_users_added" time="0.002"></testcase><testcase classname="zdevelop.tests.test_integration.TestLifecycle" file="zdevelop/tests/test_integration.py" line="180" name="test_investor_role_created" time="0.001"></testcase><testcase classname="zdevelop.tests.test_integration.TestLifecycle" file="zdevelop/tests/test_integration.py" line="190" name="test_error_on_no_timezone" time="0.258"></testcase><testcase classname="zdevelop.tests.test_integration.TestLifecycle" file="zdevelop/tests/test_integration.py" line="208" name="test_error_bad_tz" time="0.278"></testcase><testcase classname="zdevelop.tests.test_integration.TestLifecycle" file="zdevelop/tests/test_integration.py" line="226" name="test_set_timezone_response" time="0.709"></testcase><testcase classname="zdevelop.tests.test_integration.TestLifecycle" file="zdevelop/tests/test_integration.py" line="240" name="test_set_timezone_response_user2" time="3.214"></testcase><testcase classname="zdevelop.tests.test_integration.TestLifecycle" file="zdevelop/tests/test_integration.py" line="254" name="test_set_timezone_db" time="0.004"></testcase><testcase classname="zdevelop.tests.test_integration.TestLifecycle" file="zdevelop/tests/test_integration.py" line="267" name="test_set_timezone_db_user2" time="0.003"></testcase><testcase classname="zdevelop.tests.test_integration.TestLifecycle" file="zdevelop/tests/test_integration.py" line="338" name="test_bulletins_subscribe_user1" time="0.714"></testcase><testcase classname="zdevelop.tests.test_integration.TestLifecycle" file="zdevelop/tests/test_integration.py" line="351" name="test_bulletins_unsubscribe_user1" time="0.710"></testcase><testcase classname="zdevelop.tests.test_integration.TestLifecycle" file="zdevelop/tests/test_integration.py" line="357" name="test_bulletins_subscribe_user2" time="0.914"></testcase><testcase classname="zdevelop.tests.test_integration.TestLifecycle" file="zdevelop/tests/test_integration.py" line="370" name="test_bulletins_unsubscribe_user2" time="0.713"></testcase><testcase classname="zdevelop.tests.test_integration.TestLifecycle" file="zdevelop/tests/test_integration.py" line="376" name="test_set_bulletin_channel" time="0.706"></testcase><testcase classname="zdevelop.tests.test_integration.TestLifecycle" file="zdevelop/tests/test_integration.py" line="392" name="test_set_bulletin_channel_db" time="0.004"></testcase><testcase classname="zdevelop.tests.test_integration.TestLifecycle" file="zdevelop/tests/test_integration.py" line="403" name="test_set_bulletin_minimum" time="0.807"></testcase><testcase classname="zdevelop.tests.test_integration.TestLifecycle" file="zdevelop/tests/test_integration.py" line="421" name="test_set_bell_prices[0-1]" time="1.269"></testcase><testcase classname="zdevelop.tests.test_integration.TestLifecycle" file="zdevelop/tests/test_integration.py" line="421" name="test_set_bell_prices[0-2]" time="1.185"></testcase><testcase classname="zdevelop.tests.test_integration.TestLifecycle" file="zdevelop/tests/test_integration.py" line="421" name="test_set_bell_prices[1-1]" time="3.622"></testcase><testcase classname="zdevelop.tests.test_integration.TestLifecycle" file="zdevelop/tests/test_integration.py" line="421" name="test_set_bell_prices[1-2]" time="1.645"></testcase><testcase classname="zdevelop.tests.test_integration.TestLifecycle" file="zdevelop/tests/test_integration.py" line="421" name="test_set_bell_prices[2-1]" time="1.632"></testcase><testcase classname="zdevelop.tests.test_integration.TestLifecycle" file="zdevelop/tests/test_integration.py" line="421" name="test_set_bell_prices[2-2]" time="2.036"></testcase><testcase classname="zdevelop.tests.test_integration.TestLifecycle" file="zdevelop/tests/test_integration.py" line="421" name="test_set_bell_prices[3-1]" time="1.710"></testcase><testcase classname="zdevelop.tests.test_integration.TestLifecycle" file="zdevelop/tests/test_integration.py" line="421" name="test_set_bell_prices[3-2]" time="3.199"></testcase><testcase classname="zdevelop.tests.test_integration.TestLifecycle" file="zdevelop/tests/test_integration.py" line="421" name="test_set_bell_prices[4-1]" time="1.537"></testcase><testcase classname="zdevelop.tests.test_integration.TestLifecycle" file="zdevelop/tests/test_integration.py" line="421" name="test_set_bell_prices[4-2]" time="1.566"></testcase><testcase classname="zdevelop.tests.test_integration.TestLifecycle" file="zdevelop/tests/test_integration.py" line="421" name="test_set_bell_prices[5-1]" time="2.213"></testcase><testcase classname="zdevelop.tests.test_integration.TestLifecycle" file="zdevelop/tests/test_integration.py" line="421" name="test_set_bell_prices[5-2]" time="1.619"></testcase><testcase classname="zdevelop.tests.test_integration.TestLifecycle" file="zdevelop/tests/test_integration.py" line="421" name="test_set_bell_prices[6-1]" time="3.341"></testcase><testcase classname="zdevelop.tests.test_integration.TestLifecycle" file="zdevelop/tests/test_integration.py" line="421" name="test_set_bell_prices[6-2]" time="1.708"></testcase><testcase classname="zdevelop.tests.test_integration.TestLifecycle" file="zdevelop/tests/test_integration.py" line="421" name="test_set_bell_prices[7-1]" time="1.601"></testcase><testcase classname="zdevelop.tests.test_integration.TestLifecycle" file="zdevelop/tests/test_integration.py" line="421" name="test_set_bell_prices[7-2]" time="2.026"></testcase><testcase classname="zdevelop.tests.test_integration.TestLifecycle" file="zdevelop/tests/test_integration.py" line="421" name="test_set_bell_prices[8-1]" time="1.456"></testcase><testcase classname="zdevelop.tests.test_integration.TestLifecycle" file="zdevelop/tests/test_integration.py" line="421" name="test_set_bell_prices[8-2]" time="3.489"></testcase><testcase classname="zdevelop.tests.test_integration.TestLifecycle" file="zdevelop/tests/test_integration.py" line="421" name="test_set_bell_prices[9-1]" time="1.608"></testcase><testcase classname="zdevelop.tests.test_integration.TestLifecycle" file="zdevelop/tests/test_integration.py" line="421" name="test_set_bell_prices[9-2]" time="1.609"></testcase><testcase classname="zdevelop.tests.test_integration.TestLifecycle" file="zdevelop/tests/test_integration.py" line="421" name="test_set_bell_prices[10-1]" time="2.247"></testcase><testcase classname="zdevelop.tests.test_integration.TestLifecycle" file="zdevelop/tests/test_integration.py" line="421" name="test_set_bell_prices[10-2]" time="1.491"></testcase><testcase classname="zdevelop.tests.test_integration.TestLifecycle" file="zdevelop/tests/test_integration.py" line="421" name="test_set_bell_prices[11-1]" time="3.316"></testcase><testcase classname="zdevelop.tests.test_integration.TestLifecycle" file="zdevelop/tests/test_integration.py" line="421" name="test_set_bell_prices[11-2]" time="1.480"></testcase><testcase classname="zdevelop.tests.test_integration.TestLifecycle" file="zdevelop/tests/test_integration.py" line="421" name="test_set_bell_prices[12-1]" time="1.511"></testcase><testcase classname="zdevelop.tests.test_integration.TestLifecycle" file="zdevelop/tests/test_integration.py" line="421" name="test_set_bell_prices[12-2]" time="2.374"></testcase><testcase classname="zdevelop.tests.test_integration.TestLifecycle" file="zdevelop/tests/test_integration.py" line="556" name="test_ticker_db_values" time="0.007"></testcase><testcase classname="zdevelop.tests.test_integration.TestLifecycle" file="zdevelop/tests/test_integration.py" line="575" name="test_ticker_db_values_user2" time="0.005"></testcase><testcase classname="zdevelop.tests.test_integration.TestLifecycle" file="zdevelop/tests/test_integration.py" line="596" name="test_fetch_past_ticker[0]" time="0.717"></testcase><testcase classname="zdevelop.tests.test_integration.TestLifecycle" file="zdevelop/tests/test_integration.py" line="596" name="test_fetch_past_ticker[1]" time="4.626"></testcase><testcase classname="zdevelop.tests.test_integration.TestLifecycle" file="zdevelop/tests/test_integration.py" line="596" name="test_fetch_past_ticker[6]" time="4.677"></testcase><testcase classname="zdevelop.tests.test_integration.TestLifecycle" file="zdevelop/tests/test_integration.py" line="682" name="test_set_missed_am_ticker" time="1.625"></testcase><testcase classname="zdevelop.tests.test_integration.TestLifecycle" file="zdevelop/tests/test_integration.py" line="730" name="test_set_missed_previous_ticker[$ticker {} PM 4/14-201]" time="1.722"></testcase><testcase classname="zdevelop.tests.test_integration.TestLifecycle" file="zdevelop/tests/test_integration.py" line="730" name="test_set_missed_previous_ticker[$ticker {} 4/14 PM-202]" time="1.421"></testcase><testcase classname="zdevelop.tests.test_integration.TestLifecycle" file="zdevelop/tests/test_integration.py" line="730" name="test_set_missed_previous_ticker[$ticker PM {} 4/14-203]" time="1.521"></testcase><testcase classname="zdevelop.tests.test_integration.TestLifecycle" file="zdevelop/tests/test_integration.py" line="730" name="test_set_missed_previous_ticker[$ticker PM 4/14 {}-204]" time="1.419"></testcase><testcase classname="zdevelop.tests.test_integration.TestLifecycle" file="zdevelop/tests/test_integration.py" line="730" name="test_set_missed_previous_ticker[$ticker 4/14 PM {}-205]" time="1.624"></testcase><testcase classname="zdevelop.tests.test_integration.TestLifecycle" file="zdevelop/tests/test_integration.py" line="730" name="test_set_missed_previous_ticker[$ticker 4/14 {} PM-206]" time="1.525"></testcase><testcase classname="zdevelop.tests.test_integration.TestLifecycle" file="zdevelop/tests/test_integration.py" line="730" name="test_set_missed_previous_ticker[$ticker {} bells PM 4/14-207]" time="1.520"></testcase><testcase classname="zdevelop.tests.test_integration.TestLifecycle" file="zdevelop/tests/test_integration.py" line="730" name="test_set_missed_previous_ticker[$ticker {} bells 4/14 PM-208]" time="1.622"></testcase><testcase classname="zdevelop.tests.test_integration.TestLifecycle" file="zdevelop/tests/test_integration.py" line="730" name="test_set_missed_previous_ticker[$ticker PM {} bells 4/14-209]" time="1.519"></testcase><testcase classname="zdevelop.tests.test_integration.TestLifecycle" file="zdevelop/tests/test_integration.py" line="730" name="test_set_missed_previous_ticker[$ticker PM 4/14 {} bells-210]" time="1.318"></testcase><testcase classname="zdevelop.tests.test_integration.TestLifecycle" file="zdevelop/tests/test_integration.py" line="730" name="test_set_missed_previous_ticker[$ticker 4/14 PM {} bells-211]" time="1.625"></testcase><testcase classname="zdevelop.tests.test_integration.TestLifecycle" file="zdevelop/tests/test_integration.py" line="730" name="test_set_missed_previous_ticker[$ticker 4/14 {} bells PM-212]" time="1.823"></testcase><testcase classname="zdevelop.tests.test_integration.TestLifecycle" file="zdevelop/tests/test_integration.py" line="730" name="test_set_missed_previous_ticker[$ticker 4/14/2020 {} bells PM-213]" time="1.621"></testcase><testcase classname="zdevelop.tests.test_integration.TestLifecycle" file="zdevelop/tests/test_integration.py" line="799" name="test_previous_year" time="0.275"></testcase><testcase classname="zdevelop.tests.test_integration.TestLifecycle" file="zdevelop/tests/test_integration.py" line="839" name="test_time_traveller_error" time="0.213"></testcase><testcase classname="zdevelop.tests.test_integration.TestLifecycle" file="zdevelop/tests/test_integration.py" line="868" name="test_time_of_day_required_error" time="0.795"></testcase></testsuite></testsuites>