<?xml version="1.0" encoding="utf-8"?><testsuites><testsuite errors="0" failures="0" hostname="fv-az578" name="pytest" skipped="0" tests="73" time="102.455" timestamp="2020-05-31T18:26:02.942083"><testcase classname="zdevelop.tests.test_integration.TestLifecycle" file="zdevelop/tests/test_integration.py" line="89" name="test_login" time="5.335"></testcase><testcase classname="zdevelop.tests.test_integration.TestLifecycle" file="zdevelop/tests/test_integration.py" line="99" name="test_server_indexes_created" time="0.017"></testcase><testcase classname="zdevelop.tests.test_integration.TestLifecycle" file="zdevelop/tests/test_integration.py" line="113" name="test_user_indexes_created" time="0.002"></testcase><testcase classname="zdevelop.tests.test_integration.TestLifecycle" file="zdevelop/tests/test_integration.py" line="127" name="test_ticker_indexes_created" time="0.002"></testcase><testcase classname="zdevelop.tests.test_integration.TestLifecycle" file="zdevelop/tests/test_integration.py" line="150" name="test_server_added" time="0.003"></testcase><testcase classname="zdevelop.tests.test_integration.TestLifecycle" file="zdevelop/tests/test_integration.py" line="165" name="test_users_added" time="0.002"></testcase><testcase classname="zdevelop.tests.test_integration.TestLifecycle" file="zdevelop/tests/test_integration.py" line="182" name="test_investor_role_created" time="0.001"></testcase><testcase classname="zdevelop.tests.test_integration.TestLifecycle" file="zdevelop/tests/test_integration.py" line="192" name="test_error_on_no_timezone" time="0.204"></testcase><testcase classname="zdevelop.tests.test_integration.TestLifecycle" file="zdevelop/tests/test_integration.py" line="210" name="test_error_bad_tz" time="0.179"></testcase><testcase classname="zdevelop.tests.test_integration.TestLifecycle" file="zdevelop/tests/test_integration.py" line="228" name="test_set_timezone_response" time="0.708"></testcase><testcase classname="zdevelop.tests.test_integration.TestLifecycle" file="zdevelop/tests/test_integration.py" line="242" name="test_set_timezone_response_user2" time="3.166"></testcase><testcase classname="zdevelop.tests.test_integration.TestLifecycle" file="zdevelop/tests/test_integration.py" line="256" name="test_set_timezone_db" time="0.004"></testcase><testcase classname="zdevelop.tests.test_integration.TestLifecycle" file="zdevelop/tests/test_integration.py" line="269" name="test_set_timezone_db_user2" time="0.004"></testcase><testcase classname="zdevelop.tests.test_integration.TestLifecycle" file="zdevelop/tests/test_integration.py" line="340" name="test_bulletins_subscribe_user1" time="0.715"></testcase><testcase classname="zdevelop.tests.test_integration.TestLifecycle" file="zdevelop/tests/test_integration.py" line="353" name="test_bulletins_unsubscribe_user1" time="0.711"></testcase><testcase classname="zdevelop.tests.test_integration.TestLifecycle" file="zdevelop/tests/test_integration.py" line="359" name="test_bulletins_subscribe_user2" time="0.714"></testcase><testcase classname="zdevelop.tests.test_integration.TestLifecycle" file="zdevelop/tests/test_integration.py" line="372" name="test_bulletins_unsubscribe_user2" time="0.710"></testcase><testcase classname="zdevelop.tests.test_integration.TestLifecycle" file="zdevelop/tests/test_integration.py" line="378" name="test_set_bulletin_channel" time="0.609"></testcase><testcase classname="zdevelop.tests.test_integration.TestLifecycle" file="zdevelop/tests/test_integration.py" line="394" name="test_set_bulletin_channel_db" time="0.004"></testcase><testcase classname="zdevelop.tests.test_integration.TestLifecycle" file="zdevelop/tests/test_integration.py" line="405" name="test_set_bulletin_minimum" time="0.808"></testcase><testcase classname="zdevelop.tests.test_integration.TestLifecycle" file="zdevelop/tests/test_integration.py" line="421" name="test_bulletin_minimum_db" time="0.004"></testcase><testcase classname="zdevelop.tests.test_integration.TestLifecycle" file="zdevelop/tests/test_integration.py" line="431" name="test_set_heat_minimum" time="0.708"></testcase><testcase classname="zdevelop.tests.test_integration.TestLifecycle" file="zdevelop/tests/test_integration.py" line="447" name="test_heat_minimum_db" time="0.004"></testcase><testcase classname="zdevelop.tests.test_integration.TestLifecycle" file="zdevelop/tests/test_integration.py" line="457" name="test_get_forecast" time="1.710"></testcase><testcase classname="zdevelop.tests.test_integration.TestLifecycle" file="zdevelop/tests/test_integration.py" line="489" name="test_set_bell_prices[0-1]" time="1.270"></testcase><testcase classname="zdevelop.tests.test_integration.TestLifecycle" file="zdevelop/tests/test_integration.py" line="489" name="test_set_bell_prices[0-2]" time="1.304"></testcase><testcase classname="zdevelop.tests.test_integration.TestLifecycle" file="zdevelop/tests/test_integration.py" line="489" name="test_set_bell_prices[1-1]" time="2.575"></testcase><testcase classname="zdevelop.tests.test_integration.TestLifecycle" file="zdevelop/tests/test_integration.py" line="489" name="test_set_bell_prices[1-2]" time="1.536"></testcase><testcase classname="zdevelop.tests.test_integration.TestLifecycle" file="zdevelop/tests/test_integration.py" line="489" name="test_set_bell_prices[2-1]" time="3.375"></testcase><testcase classname="zdevelop.tests.test_integration.TestLifecycle" file="zdevelop/tests/test_integration.py" line="489" name="test_set_bell_prices[2-2]" time="1.657"></testcase><testcase classname="zdevelop.tests.test_integration.TestLifecycle" file="zdevelop/tests/test_integration.py" line="489" name="test_set_bell_prices[3-1]" time="1.615"></testcase><testcase classname="zdevelop.tests.test_integration.TestLifecycle" file="zdevelop/tests/test_integration.py" line="489" name="test_set_bell_prices[3-2]" time="2.106"></testcase><testcase classname="zdevelop.tests.test_integration.TestLifecycle" file="zdevelop/tests/test_integration.py" line="489" name="test_set_bell_prices[4-1]" time="1.544"></testcase><testcase classname="zdevelop.tests.test_integration.TestLifecycle" file="zdevelop/tests/test_integration.py" line="489" name="test_set_bell_prices[4-2]" time="3.248"></testcase><testcase classname="zdevelop.tests.test_integration.TestLifecycle" file="zdevelop/tests/test_integration.py" line="489" name="test_set_bell_prices[5-1]" time="1.519"></testcase><testcase classname="zdevelop.tests.test_integration.TestLifecycle" file="zdevelop/tests/test_integration.py" line="489" name="test_set_bell_prices[5-2]" time="1.643"></testcase><testcase classname="zdevelop.tests.test_integration.TestLifecycle" file="zdevelop/tests/test_integration.py" line="489" name="test_set_bell_prices[6-1]" time="2.171"></testcase><testcase classname="zdevelop.tests.test_integration.TestLifecycle" file="zdevelop/tests/test_integration.py" line="489" name="test_set_bell_prices[6-2]" time="1.585"></testcase><testcase classname="zdevelop.tests.test_integration.TestLifecycle" file="zdevelop/tests/test_integration.py" line="489" name="test_set_bell_prices[7-1]" time="3.344"></testcase><testcase classname="zdevelop.tests.test_integration.TestLifecycle" file="zdevelop/tests/test_integration.py" line="489" name="test_set_bell_prices[7-2]" time="1.503"></testcase><testcase classname="zdevelop.tests.test_integration.TestLifecycle" file="zdevelop/tests/test_integration.py" line="489" name="test_set_bell_prices[8-1]" time="1.471"></testcase><testcase classname="zdevelop.tests.test_integration.TestLifecycle" file="zdevelop/tests/test_integration.py" line="489" name="test_set_bell_prices[8-2]" time="2.289"></testcase><testcase classname="zdevelop.tests.test_integration.TestLifecycle" file="zdevelop/tests/test_integration.py" line="489" name="test_set_bell_prices[9-1]" time="1.919"></testcase><testcase classname="zdevelop.tests.test_integration.TestLifecycle" file="zdevelop/tests/test_integration.py" line="489" name="test_set_bell_prices[9-2]" time="2.999"></testcase><testcase classname="zdevelop.tests.test_integration.TestLifecycle" file="zdevelop/tests/test_integration.py" line="489" name="test_set_bell_prices[10-1]" time="1.717"></testcase><testcase classname="zdevelop.tests.test_integration.TestLifecycle" file="zdevelop/tests/test_integration.py" line="489" name="test_set_bell_prices[10-2]" time="1.485"></testcase><testcase classname="zdevelop.tests.test_integration.TestLifecycle" file="zdevelop/tests/test_integration.py" line="489" name="test_set_bell_prices[11-1]" time="2.196"></testcase><testcase classname="zdevelop.tests.test_integration.TestLifecycle" file="zdevelop/tests/test_integration.py" line="489" name="test_set_bell_prices[11-2]" time="1.499"></testcase><testcase classname="zdevelop.tests.test_integration.TestLifecycle" file="zdevelop/tests/test_integration.py" line="489" name="test_set_bell_prices[12-1]" time="3.360"></testcase><testcase classname="zdevelop.tests.test_integration.TestLifecycle" file="zdevelop/tests/test_integration.py" line="489" name="test_set_bell_prices[12-2]" time="1.592"></testcase><testcase classname="zdevelop.tests.test_integration.TestLifecycle" file="zdevelop/tests/test_integration.py" line="658" name="test_ticker_db_values" time="0.007"></testcase><testcase classname="zdevelop.tests.test_integration.TestLifecycle" file="zdevelop/tests/test_integration.py" line="678" name="test_ticker_db_values_user2" time="0.005"></testcase><testcase classname="zdevelop.tests.test_integration.TestLifecycle" file="zdevelop/tests/test_integration.py" line="700" name="test_fetch_past_ticker[0]" time="3.494"></testcase><testcase classname="zdevelop.tests.test_integration.TestLifecycle" file="zdevelop/tests/test_integration.py" line="700" name="test_fetch_past_ticker[1]" time="0.756"></testcase><testcase classname="zdevelop.tests.test_integration.TestLifecycle" file="zdevelop/tests/test_integration.py" line="700" name="test_fetch_past_ticker[6]" time="4.526"></testcase><testcase classname="zdevelop.tests.test_integration.TestLifecycle" file="zdevelop/tests/test_integration.py" line="786" name="test_set_missed_am_ticker" time="1.523"></testcase><testcase classname="zdevelop.tests.test_integration.TestLifecycle" file="zdevelop/tests/test_integration.py" line="834" name="test_set_missed_previous_ticker[$ticker {} PM 4/17-410]" time="1.322"></testcase><testcase classname="zdevelop.tests.test_integration.TestLifecycle" file="zdevelop/tests/test_integration.py" line="834" name="test_set_missed_previous_ticker[$ticker {} 4/17 PM-411]" time="1.320"></testcase><testcase classname="zdevelop.tests.test_integration.TestLifecycle" file="zdevelop/tests/test_integration.py" line="834" name="test_set_missed_previous_ticker[$ticker PM {} 4/17-412]" time="1.422"></testcase><testcase classname="zdevelop.tests.test_integration.TestLifecycle" file="zdevelop/tests/test_integration.py" line="834" name="test_set_missed_previous_ticker[$ticker PM 4/17 {}-413]" time="1.420"></testcase><testcase classname="zdevelop.tests.test_integration.TestLifecycle" file="zdevelop/tests/test_integration.py" line="834" name="test_set_missed_previous_ticker[$ticker 4/17 PM {}-414]" time="1.422"></testcase><testcase classname="zdevelop.tests.test_integration.TestLifecycle" file="zdevelop/tests/test_integration.py" line="834" name="test_set_missed_previous_ticker[$ticker 4/17 {} PM-415]" time="1.420"></testcase><testcase classname="zdevelop.tests.test_integration.TestLifecycle" file="zdevelop/tests/test_integration.py" line="834" name="test_set_missed_previous_ticker[$ticker {} bells PM 4/17-416]" time="1.421"></testcase><testcase classname="zdevelop.tests.test_integration.TestLifecycle" file="zdevelop/tests/test_integration.py" line="834" name="test_set_missed_previous_ticker[$ticker {} bells 4/17 PM-417]" time="1.621"></testcase><testcase classname="zdevelop.tests.test_integration.TestLifecycle" file="zdevelop/tests/test_integration.py" line="834" name="test_set_missed_previous_ticker[$ticker PM {} bells 4/17-418]" time="1.522"></testcase><testcase classname="zdevelop.tests.test_integration.TestLifecycle" file="zdevelop/tests/test_integration.py" line="834" name="test_set_missed_previous_ticker[$ticker PM 4/17 {} bells-419]" time="1.318"></testcase><testcase classname="zdevelop.tests.test_integration.TestLifecycle" file="zdevelop/tests/test_integration.py" line="834" name="test_set_missed_previous_ticker[$ticker 4/17 PM {} bells-420]" time="1.519"></testcase><testcase classname="zdevelop.tests.test_integration.TestLifecycle" file="zdevelop/tests/test_integration.py" line="834" name="test_set_missed_previous_ticker[$ticker 4/17 {} bells PM-421]" time="1.521"></testcase><testcase classname="zdevelop.tests.test_integration.TestLifecycle" file="zdevelop/tests/test_integration.py" line="834" name="test_set_missed_previous_ticker[$ticker 4/17/2020 {} bells PM-422]" time="1.420"></testcase><testcase classname="zdevelop.tests.test_integration.TestLifecycle" file="zdevelop/tests/test_integration.py" line="907" name="test_previous_year" time="0.201"></testcase><testcase classname="zdevelop.tests.test_integration.TestLifecycle" file="zdevelop/tests/test_integration.py" line="947" name="test_time_traveller_error" time="0.211"></testcase><testcase classname="zdevelop.tests.test_integration.TestLifecycle" file="zdevelop/tests/test_integration.py" line="976" name="test_time_of_day_required_error" time="0.197"></testcase><testcase classname="zdevelop.tests.test_integration.TestLifecycle" file="zdevelop/tests/test_integration.py" line="1010" name="test_impossible_ticker_error" time="2.326"></testcase></testsuite></testsuites>