<?xml version="1.0" encoding="utf-8"?><testsuites><testsuite errors="0" failures="0" hostname="fv-az578" name="pytest" skipped="0" tests="46" time="74.851" timestamp="2020-04-25T22:21:23.794008"><testcase classname="zdevelop.tests.test_integration.TestLifecycle" file="zdevelop/tests/test_integration.py" line="82" name="test_login" time="5.251"></testcase><testcase classname="zdevelop.tests.test_integration.TestLifecycle" file="zdevelop/tests/test_integration.py" line="92" name="test_server_indexes_created" time="0.015"></testcase><testcase classname="zdevelop.tests.test_integration.TestLifecycle" file="zdevelop/tests/test_integration.py" line="106" name="test_user_indexes_created" time="0.002"></testcase><testcase classname="zdevelop.tests.test_integration.TestLifecycle" file="zdevelop/tests/test_integration.py" line="120" name="test_ticker_indexes_created" time="0.002"></testcase><testcase classname="zdevelop.tests.test_integration.TestLifecycle" file="zdevelop/tests/test_integration.py" line="143" name="test_server_added" time="0.003"></testcase><testcase classname="zdevelop.tests.test_integration.TestLifecycle" file="zdevelop/tests/test_integration.py" line="158" name="test_users_added" time="0.002"></testcase><testcase classname="zdevelop.tests.test_integration.TestLifecycle" file="zdevelop/tests/test_integration.py" line="175" name="test_error_on_no_timezone" time="0.245"></testcase><testcase classname="zdevelop.tests.test_integration.TestLifecycle" file="zdevelop/tests/test_integration.py" line="193" name="test_error_bad_tz" time="0.353"></testcase><testcase classname="zdevelop.tests.test_integration.TestLifecycle" file="zdevelop/tests/test_integration.py" line="211" name="test_set_timezone_response" time="0.289"></testcase><testcase classname="zdevelop.tests.test_integration.TestLifecycle" file="zdevelop/tests/test_integration.py" line="229" name="test_set_timezone_db" time="0.004"></testcase><testcase classname="zdevelop.tests.test_integration.TestLifecycle" file="zdevelop/tests/test_integration.py" line="242" name="test_set_bulletin_channel" time="0.229"></testcase><testcase classname="zdevelop.tests.test_integration.TestLifecycle" file="zdevelop/tests/test_integration.py" line="259" name="test_set_bulletin_channel_db" time="0.004"></testcase><testcase classname="zdevelop.tests.test_integration.TestLifecycle" file="zdevelop/tests/test_integration.py" line="270" name="test_set_bell_prices[0]" time="4.165"></testcase><testcase classname="zdevelop.tests.test_integration.TestLifecycle" file="zdevelop/tests/test_integration.py" line="270" name="test_set_bell_prices[1]" time="1.312"></testcase><testcase classname="zdevelop.tests.test_integration.TestLifecycle" file="zdevelop/tests/test_integration.py" line="270" name="test_set_bell_prices[2]" time="4.168"></testcase><testcase classname="zdevelop.tests.test_integration.TestLifecycle" file="zdevelop/tests/test_integration.py" line="270" name="test_set_bell_prices[3]" time="1.389"></testcase><testcase classname="zdevelop.tests.test_integration.TestLifecycle" file="zdevelop/tests/test_integration.py" line="270" name="test_set_bell_prices[4]" time="4.796"></testcase><testcase classname="zdevelop.tests.test_integration.TestLifecycle" file="zdevelop/tests/test_integration.py" line="270" name="test_set_bell_prices[5]" time="3.859"></testcase><testcase classname="zdevelop.tests.test_integration.TestLifecycle" file="zdevelop/tests/test_integration.py" line="270" name="test_set_bell_prices[6]" time="0.889"></testcase><testcase classname="zdevelop.tests.test_integration.TestLifecycle" file="zdevelop/tests/test_integration.py" line="270" name="test_set_bell_prices[7]" time="4.543"></testcase><testcase classname="zdevelop.tests.test_integration.TestLifecycle" file="zdevelop/tests/test_integration.py" line="270" name="test_set_bell_prices[8]" time="0.890"></testcase><testcase classname="zdevelop.tests.test_integration.TestLifecycle" file="zdevelop/tests/test_integration.py" line="270" name="test_set_bell_prices[9]" time="4.665"></testcase><testcase classname="zdevelop.tests.test_integration.TestLifecycle" file="zdevelop/tests/test_integration.py" line="270" name="test_set_bell_prices[10]" time="4.416"></testcase><testcase classname="zdevelop.tests.test_integration.TestLifecycle" file="zdevelop/tests/test_integration.py" line="270" name="test_set_bell_prices[11]" time="0.931"></testcase><testcase classname="zdevelop.tests.test_integration.TestLifecycle" file="zdevelop/tests/test_integration.py" line="270" name="test_set_bell_prices[12]" time="4.536"></testcase><testcase classname="zdevelop.tests.test_integration.TestLifecycle" file="zdevelop/tests/test_integration.py" line="366" name="test_ticker_db_values" time="0.006"></testcase><testcase classname="zdevelop.tests.test_integration.TestLifecycle" file="zdevelop/tests/test_integration.py" line="385" name="test_fetch_past_ticker[0]" time="0.630"></testcase><testcase classname="zdevelop.tests.test_integration.TestLifecycle" file="zdevelop/tests/test_integration.py" line="385" name="test_fetch_past_ticker[1]" time="4.726"></testcase><testcase classname="zdevelop.tests.test_integration.TestLifecycle" file="zdevelop/tests/test_integration.py" line="385" name="test_fetch_past_ticker[6]" time="4.621"></testcase><testcase classname="zdevelop.tests.test_integration.TestLifecycle" file="zdevelop/tests/test_integration.py" line="469" name="test_set_missed_am_ticker" time="0.253"></testcase><testcase classname="zdevelop.tests.test_integration.TestLifecycle" file="zdevelop/tests/test_integration.py" line="515" name="test_set_missed_previous_ticker[$ticker {} PM 4/14-201]" time="0.214"></testcase><testcase classname="zdevelop.tests.test_integration.TestLifecycle" file="zdevelop/tests/test_integration.py" line="515" name="test_set_missed_previous_ticker[$ticker {} 4/14 PM-202]" time="0.258"></testcase><testcase classname="zdevelop.tests.test_integration.TestLifecycle" file="zdevelop/tests/test_integration.py" line="515" name="test_set_missed_previous_ticker[$ticker PM {} 4/14-203]" time="0.308"></testcase><testcase classname="zdevelop.tests.test_integration.TestLifecycle" file="zdevelop/tests/test_integration.py" line="515" name="test_set_missed_previous_ticker[$ticker PM 4/14 {}-204]" time="4.208"></testcase><testcase classname="zdevelop.tests.test_integration.TestLifecycle" file="zdevelop/tests/test_integration.py" line="515" name="test_set_missed_previous_ticker[$ticker 4/14 PM {}-205]" time="0.292"></testcase><testcase classname="zdevelop.tests.test_integration.TestLifecycle" file="zdevelop/tests/test_integration.py" line="515" name="test_set_missed_previous_ticker[$ticker 4/14 {} PM-206]" time="0.482"></testcase><testcase classname="zdevelop.tests.test_integration.TestLifecycle" file="zdevelop/tests/test_integration.py" line="515" name="test_set_missed_previous_ticker[$ticker {} bells PM 4/14-207]" time="0.218"></testcase><testcase classname="zdevelop.tests.test_integration.TestLifecycle" file="zdevelop/tests/test_integration.py" line="515" name="test_set_missed_previous_ticker[$ticker {} bells 4/14 PM-208]" time="0.223"></testcase><testcase classname="zdevelop.tests.test_integration.TestLifecycle" file="zdevelop/tests/test_integration.py" line="515" name="test_set_missed_previous_ticker[$ticker PM {} bells 4/14-209]" time="3.856"></testcase><testcase classname="zdevelop.tests.test_integration.TestLifecycle" file="zdevelop/tests/test_integration.py" line="515" name="test_set_missed_previous_ticker[$ticker PM 4/14 {} bells-210]" time="0.213"></testcase><testcase classname="zdevelop.tests.test_integration.TestLifecycle" file="zdevelop/tests/test_integration.py" line="515" name="test_set_missed_previous_ticker[$ticker 4/14 PM {} bells-211]" time="0.404"></testcase><testcase classname="zdevelop.tests.test_integration.TestLifecycle" file="zdevelop/tests/test_integration.py" line="515" name="test_set_missed_previous_ticker[$ticker 4/14 {} bells PM-212]" time="0.230"></testcase><testcase classname="zdevelop.tests.test_integration.TestLifecycle" file="zdevelop/tests/test_integration.py" line="515" name="test_set_missed_previous_ticker[$ticker 4/14/2020 {} bells PM-212]" time="0.210"></testcase><testcase classname="zdevelop.tests.test_integration.TestLifecycle" file="zdevelop/tests/test_integration.py" line="587" name="test_previous_year" time="4.014"></testcase><testcase classname="zdevelop.tests.test_integration.TestLifecycle" file="zdevelop/tests/test_integration.py" line="625" name="test_time_traveller_error" time="0.198"></testcase><testcase classname="zdevelop.tests.test_integration.TestLifecycle" file="zdevelop/tests/test_integration.py" line="654" name="test_time_of_day_required_error" time="0.903"></testcase></testsuite></testsuites>