<?xml version="1.0" encoding="utf-8"?><testsuites><testsuite errors="0" failures="0" hostname="fv-az578" name="pytest" skipped="0" tests="70" time="105.407" timestamp="2020-05-30T01:48:52.896115"><testcase classname="zdevelop.tests.test_integration.TestLifecycle" file="zdevelop/tests/test_integration.py" line="89" name="test_login" time="5.636"></testcase><testcase classname="zdevelop.tests.test_integration.TestLifecycle" file="zdevelop/tests/test_integration.py" line="99" name="test_server_indexes_created" time="0.017"></testcase><testcase classname="zdevelop.tests.test_integration.TestLifecycle" file="zdevelop/tests/test_integration.py" line="113" name="test_user_indexes_created" time="0.002"></testcase><testcase classname="zdevelop.tests.test_integration.TestLifecycle" file="zdevelop/tests/test_integration.py" line="127" name="test_ticker_indexes_created" time="0.003"></testcase><testcase classname="zdevelop.tests.test_integration.TestLifecycle" file="zdevelop/tests/test_integration.py" line="150" name="test_server_added" time="0.003"></testcase><testcase classname="zdevelop.tests.test_integration.TestLifecycle" file="zdevelop/tests/test_integration.py" line="165" name="test_users_added" time="0.003"></testcase><testcase classname="zdevelop.tests.test_integration.TestLifecycle" file="zdevelop/tests/test_integration.py" line="182" name="test_investor_role_created" time="0.001"></testcase><testcase classname="zdevelop.tests.test_integration.TestLifecycle" file="zdevelop/tests/test_integration.py" line="192" name="test_error_on_no_timezone" time="0.231"></testcase><testcase classname="zdevelop.tests.test_integration.TestLifecycle" file="zdevelop/tests/test_integration.py" line="210" name="test_error_bad_tz" time="0.310"></testcase><testcase classname="zdevelop.tests.test_integration.TestLifecycle" file="zdevelop/tests/test_integration.py" line="228" name="test_set_timezone_response" time="0.609"></testcase><testcase classname="zdevelop.tests.test_integration.TestLifecycle" file="zdevelop/tests/test_integration.py" line="242" name="test_set_timezone_response_user2" time="3.108"></testcase><testcase classname="zdevelop.tests.test_integration.TestLifecycle" file="zdevelop/tests/test_integration.py" line="256" name="test_set_timezone_db" time="0.004"></testcase><testcase classname="zdevelop.tests.test_integration.TestLifecycle" file="zdevelop/tests/test_integration.py" line="269" name="test_set_timezone_db_user2" time="0.003"></testcase><testcase classname="zdevelop.tests.test_integration.TestLifecycle" file="zdevelop/tests/test_integration.py" line="340" name="test_bulletins_subscribe_user1" time="0.713"></testcase><testcase classname="zdevelop.tests.test_integration.TestLifecycle" file="zdevelop/tests/test_integration.py" line="353" name="test_bulletins_unsubscribe_user1" time="0.912"></testcase><testcase classname="zdevelop.tests.test_integration.TestLifecycle" file="zdevelop/tests/test_integration.py" line="359" name="test_bulletins_subscribe_user2" time="1.919"></testcase><testcase classname="zdevelop.tests.test_integration.TestLifecycle" file="zdevelop/tests/test_integration.py" line="372" name="test_bulletins_unsubscribe_user2" time="0.810"></testcase><testcase classname="zdevelop.tests.test_integration.TestLifecycle" file="zdevelop/tests/test_integration.py" line="378" name="test_set_bulletin_channel" time="0.809"></testcase><testcase classname="zdevelop.tests.test_integration.TestLifecycle" file="zdevelop/tests/test_integration.py" line="394" name="test_set_bulletin_channel_db" time="0.004"></testcase><testcase classname="zdevelop.tests.test_integration.TestLifecycle" file="zdevelop/tests/test_integration.py" line="405" name="test_set_bulletin_minimum" time="0.609"></testcase><testcase classname="zdevelop.tests.test_integration.TestLifecycle" file="zdevelop/tests/test_integration.py" line="421" name="test_get_forecast" time="1.799"></testcase><testcase classname="zdevelop.tests.test_integration.TestLifecycle" file="zdevelop/tests/test_integration.py" line="453" name="test_set_bell_prices[0-1]" time="1.237"></testcase><testcase classname="zdevelop.tests.test_integration.TestLifecycle" file="zdevelop/tests/test_integration.py" line="453" name="test_set_bell_prices[0-2]" time="1.484"></testcase><testcase classname="zdevelop.tests.test_integration.TestLifecycle" file="zdevelop/tests/test_integration.py" line="453" name="test_set_bell_prices[1-1]" time="2.585"></testcase><testcase classname="zdevelop.tests.test_integration.TestLifecycle" file="zdevelop/tests/test_integration.py" line="453" name="test_set_bell_prices[1-2]" time="1.689"></testcase><testcase classname="zdevelop.tests.test_integration.TestLifecycle" file="zdevelop/tests/test_integration.py" line="453" name="test_set_bell_prices[2-1]" time="3.104"></testcase><testcase classname="zdevelop.tests.test_integration.TestLifecycle" file="zdevelop/tests/test_integration.py" line="453" name="test_set_bell_prices[2-2]" time="1.405"></testcase><testcase classname="zdevelop.tests.test_integration.TestLifecycle" file="zdevelop/tests/test_integration.py" line="453" name="test_set_bell_prices[3-1]" time="1.522"></testcase><testcase classname="zdevelop.tests.test_integration.TestLifecycle" file="zdevelop/tests/test_integration.py" line="453" name="test_set_bell_prices[3-2]" time="2.445"></testcase><testcase classname="zdevelop.tests.test_integration.TestLifecycle" file="zdevelop/tests/test_integration.py" line="453" name="test_set_bell_prices[4-1]" time="1.591"></testcase><testcase classname="zdevelop.tests.test_integration.TestLifecycle" file="zdevelop/tests/test_integration.py" line="453" name="test_set_bell_prices[4-2]" time="3.317"></testcase><testcase classname="zdevelop.tests.test_integration.TestLifecycle" file="zdevelop/tests/test_integration.py" line="453" name="test_set_bell_prices[5-1]" time="1.345"></testcase><testcase classname="zdevelop.tests.test_integration.TestLifecycle" file="zdevelop/tests/test_integration.py" line="453" name="test_set_bell_prices[5-2]" time="2.015"></testcase><testcase classname="zdevelop.tests.test_integration.TestLifecycle" file="zdevelop/tests/test_integration.py" line="453" name="test_set_bell_prices[6-1]" time="1.937"></testcase><testcase classname="zdevelop.tests.test_integration.TestLifecycle" file="zdevelop/tests/test_integration.py" line="453" name="test_set_bell_prices[6-2]" time="1.462"></testcase><testcase classname="zdevelop.tests.test_integration.TestLifecycle" file="zdevelop/tests/test_integration.py" line="453" name="test_set_bell_prices[7-1]" time="3.387"></testcase><testcase classname="zdevelop.tests.test_integration.TestLifecycle" file="zdevelop/tests/test_integration.py" line="453" name="test_set_bell_prices[7-2]" time="1.490"></testcase><testcase classname="zdevelop.tests.test_integration.TestLifecycle" file="zdevelop/tests/test_integration.py" line="453" name="test_set_bell_prices[8-1]" time="1.533"></testcase><testcase classname="zdevelop.tests.test_integration.TestLifecycle" file="zdevelop/tests/test_integration.py" line="453" name="test_set_bell_prices[8-2]" time="2.281"></testcase><testcase classname="zdevelop.tests.test_integration.TestLifecycle" file="zdevelop/tests/test_integration.py" line="453" name="test_set_bell_prices[9-1]" time="2.757"></testcase><testcase classname="zdevelop.tests.test_integration.TestLifecycle" file="zdevelop/tests/test_integration.py" line="453" name="test_set_bell_prices[9-2]" time="2.738"></testcase><testcase classname="zdevelop.tests.test_integration.TestLifecycle" file="zdevelop/tests/test_integration.py" line="453" name="test_set_bell_prices[10-1]" time="1.519"></testcase><testcase classname="zdevelop.tests.test_integration.TestLifecycle" file="zdevelop/tests/test_integration.py" line="453" name="test_set_bell_prices[10-2]" time="3.370"></testcase><testcase classname="zdevelop.tests.test_integration.TestLifecycle" file="zdevelop/tests/test_integration.py" line="453" name="test_set_bell_prices[11-1]" time="1.451"></testcase><testcase classname="zdevelop.tests.test_integration.TestLifecycle" file="zdevelop/tests/test_integration.py" line="453" name="test_set_bell_prices[11-2]" time="1.357"></testcase><testcase classname="zdevelop.tests.test_integration.TestLifecycle" file="zdevelop/tests/test_integration.py" line="453" name="test_set_bell_prices[12-1]" time="2.530"></testcase><testcase classname="zdevelop.tests.test_integration.TestLifecycle" file="zdevelop/tests/test_integration.py" line="453" name="test_set_bell_prices[12-2]" time="1.472"></testcase><testcase classname="zdevelop.tests.test_integration.TestLifecycle" file="zdevelop/tests/test_integration.py" line="621" name="test_ticker_db_values" time="0.006"></testcase><testcase classname="zdevelop.tests.test_integration.TestLifecycle" file="zdevelop/tests/test_integration.py" line="640" name="test_ticker_db_values_user2" time="0.006"></testcase><testcase classname="zdevelop.tests.test_integration.TestLifecycle" file="zdevelop/tests/test_integration.py" line="661" name="test_fetch_past_ticker[0]" time="3.965"></testcase><testcase classname="zdevelop.tests.test_integration.TestLifecycle" file="zdevelop/tests/test_integration.py" line="661" name="test_fetch_past_ticker[1]" time="0.674"></testcase><testcase classname="zdevelop.tests.test_integration.TestLifecycle" file="zdevelop/tests/test_integration.py" line="661" name="test_fetch_past_ticker[6]" time="4.704"></testcase><testcase classname="zdevelop.tests.test_integration.TestLifecycle" file="zdevelop/tests/test_integration.py" line="747" name="test_set_missed_am_ticker" time="1.320"></testcase><testcase classname="zdevelop.tests.test_integration.TestLifecycle" file="zdevelop/tests/test_integration.py" line="795" name="test_set_missed_previous_ticker[$ticker {} PM 4/17-410]" time="1.523"></testcase><testcase classname="zdevelop.tests.test_integration.TestLifecycle" file="zdevelop/tests/test_integration.py" line="795" name="test_set_missed_previous_ticker[$ticker {} 4/17 PM-411]" time="1.319"></testcase><testcase classname="zdevelop.tests.test_integration.TestLifecycle" file="zdevelop/tests/test_integration.py" line="795" name="test_set_missed_previous_ticker[$ticker PM {} 4/17-412]" time="1.521"></testcase><testcase classname="zdevelop.tests.test_integration.TestLifecycle" file="zdevelop/tests/test_integration.py" line="795" name="test_set_missed_previous_ticker[$ticker PM 4/17 {}-413]" time="1.519"></testcase><testcase classname="zdevelop.tests.test_integration.TestLifecycle" file="zdevelop/tests/test_integration.py" line="795" name="test_set_missed_previous_ticker[$ticker 4/17 PM {}-414]" time="1.520"></testcase><testcase classname="zdevelop.tests.test_integration.TestLifecycle" file="zdevelop/tests/test_integration.py" line="795" name="test_set_missed_previous_ticker[$ticker 4/17 {} PM-415]" time="1.420"></testcase><testcase classname="zdevelop.tests.test_integration.TestLifecycle" file="zdevelop/tests/test_integration.py" line="795" name="test_set_missed_previous_ticker[$ticker {} bells PM 4/17-416]" time="1.420"></testcase><testcase classname="zdevelop.tests.test_integration.TestLifecycle" file="zdevelop/tests/test_integration.py" line="795" name="test_set_missed_previous_ticker[$ticker {} bells 4/17 PM-417]" time="1.519"></testcase><testcase classname="zdevelop.tests.test_integration.TestLifecycle" file="zdevelop/tests/test_integration.py" line="795" name="test_set_missed_previous_ticker[$ticker PM {} bells 4/17-418]" time="1.620"></testcase><testcase classname="zdevelop.tests.test_integration.TestLifecycle" file="zdevelop/tests/test_integration.py" line="795" name="test_set_missed_previous_ticker[$ticker PM 4/17 {} bells-419]" time="1.419"></testcase><testcase classname="zdevelop.tests.test_integration.TestLifecycle" file="zdevelop/tests/test_integration.py" line="795" name="test_set_missed_previous_ticker[$ticker 4/17 PM {} bells-420]" time="1.418"></testcase><testcase classname="zdevelop.tests.test_integration.TestLifecycle" file="zdevelop/tests/test_integration.py" line="795" name="test_set_missed_previous_ticker[$ticker 4/17 {} bells PM-421]" time="1.620"></testcase><testcase classname="zdevelop.tests.test_integration.TestLifecycle" file="zdevelop/tests/test_integration.py" line="795" name="test_set_missed_previous_ticker[$ticker 4/17/2020 {} bells PM-422]" time="1.519"></testcase><testcase classname="zdevelop.tests.test_integration.TestLifecycle" file="zdevelop/tests/test_integration.py" line="868" name="test_previous_year" time="0.196"></testcase><testcase classname="zdevelop.tests.test_integration.TestLifecycle" file="zdevelop/tests/test_integration.py" line="908" name="test_time_traveller_error" time="0.239"></testcase><testcase classname="zdevelop.tests.test_integration.TestLifecycle" file="zdevelop/tests/test_integration.py" line="937" name="test_time_of_day_required_error" time="0.194"></testcase><testcase classname="zdevelop.tests.test_integration.TestLifecycle" file="zdevelop/tests/test_integration.py" line="971" name="test_impossible_ticker_error" time="2.080"></testcase></testsuite></testsuites>