<?xml version="1.0" encoding="utf-8"?><testsuites><testsuite errors="0" failures="0" hostname="fv-az578" name="pytest" skipped="0" tests="73" time="102.495" timestamp="2020-08-14T23:56:21.595636"><testcase classname="zdevelop.tests.test_integration.TestLifecycle" file="zdevelop/tests/test_integration.py" line="89" name="test_login" time="5.339"></testcase><testcase classname="zdevelop.tests.test_integration.TestLifecycle" file="zdevelop/tests/test_integration.py" line="99" name="test_server_indexes_created" time="0.018"></testcase><testcase classname="zdevelop.tests.test_integration.TestLifecycle" file="zdevelop/tests/test_integration.py" line="113" name="test_user_indexes_created" time="0.002"></testcase><testcase classname="zdevelop.tests.test_integration.TestLifecycle" file="zdevelop/tests/test_integration.py" line="127" name="test_ticker_indexes_created" time="0.002"></testcase><testcase classname="zdevelop.tests.test_integration.TestLifecycle" file="zdevelop/tests/test_integration.py" line="150" name="test_server_added" time="0.002"></testcase><testcase classname="zdevelop.tests.test_integration.TestLifecycle" file="zdevelop/tests/test_integration.py" line="165" name="test_users_added" time="0.002"></testcase><testcase classname="zdevelop.tests.test_integration.TestLifecycle" file="zdevelop/tests/test_integration.py" line="182" name="test_investor_role_created" time="0.001"></testcase><testcase classname="zdevelop.tests.test_integration.TestLifecycle" file="zdevelop/tests/test_integration.py" line="192" name="test_error_on_no_timezone" time="0.203"></testcase><testcase classname="zdevelop.tests.test_integration.TestLifecycle" file="zdevelop/tests/test_integration.py" line="210" name="test_error_bad_tz" time="0.218"></testcase><testcase classname="zdevelop.tests.test_integration.TestLifecycle" file="zdevelop/tests/test_integration.py" line="228" name="test_set_timezone_response" time="0.608"></testcase><testcase classname="zdevelop.tests.test_integration.TestLifecycle" file="zdevelop/tests/test_integration.py" line="242" name="test_set_timezone_response_user2" time="3.147"></testcase><testcase classname="zdevelop.tests.test_integration.TestLifecycle" file="zdevelop/tests/test_integration.py" line="256" name="test_set_timezone_db" time="0.004"></testcase><testcase classname="zdevelop.tests.test_integration.TestLifecycle" file="zdevelop/tests/test_integration.py" line="269" name="test_set_timezone_db_user2" time="0.003"></testcase><testcase classname="zdevelop.tests.test_integration.TestLifecycle" file="zdevelop/tests/test_integration.py" line="340" name="test_bulletins_subscribe_user1" time="1.116"></testcase><testcase classname="zdevelop.tests.test_integration.TestLifecycle" file="zdevelop/tests/test_integration.py" line="353" name="test_bulletins_unsubscribe_user1" time="0.810"></testcase><testcase classname="zdevelop.tests.test_integration.TestLifecycle" file="zdevelop/tests/test_integration.py" line="359" name="test_bulletins_subscribe_user2" time="0.613"></testcase><testcase classname="zdevelop.tests.test_integration.TestLifecycle" file="zdevelop/tests/test_integration.py" line="372" name="test_bulletins_unsubscribe_user2" time="0.713"></testcase><testcase classname="zdevelop.tests.test_integration.TestLifecycle" file="zdevelop/tests/test_integration.py" line="378" name="test_set_bulletin_channel" time="0.608"></testcase><testcase classname="zdevelop.tests.test_integration.TestLifecycle" file="zdevelop/tests/test_integration.py" line="394" name="test_set_bulletin_channel_db" time="0.005"></testcase><testcase classname="zdevelop.tests.test_integration.TestLifecycle" file="zdevelop/tests/test_integration.py" line="405" name="test_set_bulletin_minimum" time="0.710"></testcase><testcase classname="zdevelop.tests.test_integration.TestLifecycle" file="zdevelop/tests/test_integration.py" line="421" name="test_bulletin_minimum_db" time="0.005"></testcase><testcase classname="zdevelop.tests.test_integration.TestLifecycle" file="zdevelop/tests/test_integration.py" line="431" name="test_set_heat_minimum" time="0.608"></testcase><testcase classname="zdevelop.tests.test_integration.TestLifecycle" file="zdevelop/tests/test_integration.py" line="447" name="test_heat_minimum_db" time="0.004"></testcase><testcase classname="zdevelop.tests.test_integration.TestLifecycle" file="zdevelop/tests/test_integration.py" line="457" name="test_get_forecast" time="2.032"></testcase><testcase classname="zdevelop.tests.test_integration.TestLifecycle" file="zdevelop/tests/test_integration.py" line="489" name="test_set_bell_prices[0-1]" time="1.292"></testcase><testcase classname="zdevelop.tests.test_integration.TestLifecycle" file="zdevelop/tests/test_integration.py" line="489" name="test_set_bell_prices[0-2]" time="1.276"></testcase><testcase classname="zdevelop.tests.test_integration.TestLifecycle" file="zdevelop/tests/test_integration.py" line="489" name="test_set_bell_prices[1-1]" time="2.274"></testcase><testcase classname="zdevelop.tests.test_integration.TestLifecycle" file="zdevelop/tests/test_integration.py" line="489" name="test_set_bell_prices[1-2]" time="1.641"></testcase><testcase classname="zdevelop.tests.test_integration.TestLifecycle" file="zdevelop/tests/test_integration.py" line="489" name="test_set_bell_prices[2-1]" time="3.311"></testcase><testcase classname="zdevelop.tests.test_integration.TestLifecycle" file="zdevelop/tests/test_integration.py" line="489" name="test_set_bell_prices[2-2]" time="1.498"></testcase><testcase classname="zdevelop.tests.test_integration.TestLifecycle" file="zdevelop/tests/test_integration.py" line="489" name="test_set_bell_prices[3-1]" time="1.578"></testcase><testcase classname="zdevelop.tests.test_integration.TestLifecycle" file="zdevelop/tests/test_integration.py" line="489" name="test_set_bell_prices[3-2]" time="2.192"></testcase><testcase classname="zdevelop.tests.test_integration.TestLifecycle" file="zdevelop/tests/test_integration.py" line="489" name="test_set_bell_prices[4-1]" time="1.529"></testcase><testcase classname="zdevelop.tests.test_integration.TestLifecycle" file="zdevelop/tests/test_integration.py" line="489" name="test_set_bell_prices[4-2]" time="3.386"></testcase><testcase classname="zdevelop.tests.test_integration.TestLifecycle" file="zdevelop/tests/test_integration.py" line="489" name="test_set_bell_prices[5-1]" time="1.628"></testcase><testcase classname="zdevelop.tests.test_integration.TestLifecycle" file="zdevelop/tests/test_integration.py" line="489" name="test_set_bell_prices[5-2]" time="1.480"></testcase><testcase classname="zdevelop.tests.test_integration.TestLifecycle" file="zdevelop/tests/test_integration.py" line="489" name="test_set_bell_prices[6-1]" time="2.202"></testcase><testcase classname="zdevelop.tests.test_integration.TestLifecycle" file="zdevelop/tests/test_integration.py" line="489" name="test_set_bell_prices[6-2]" time="1.351"></testcase><testcase classname="zdevelop.tests.test_integration.TestLifecycle" file="zdevelop/tests/test_integration.py" line="489" name="test_set_bell_prices[7-1]" time="3.679"></testcase><testcase classname="zdevelop.tests.test_integration.TestLifecycle" file="zdevelop/tests/test_integration.py" line="489" name="test_set_bell_prices[7-2]" time="1.503"></testcase><testcase classname="zdevelop.tests.test_integration.TestLifecycle" file="zdevelop/tests/test_integration.py" line="489" name="test_set_bell_prices[8-1]" time="1.463"></testcase><testcase classname="zdevelop.tests.test_integration.TestLifecycle" file="zdevelop/tests/test_integration.py" line="489" name="test_set_bell_prices[8-2]" time="2.296"></testcase><testcase classname="zdevelop.tests.test_integration.TestLifecycle" file="zdevelop/tests/test_integration.py" line="489" name="test_set_bell_prices[9-1]" time="1.916"></testcase><testcase classname="zdevelop.tests.test_integration.TestLifecycle" file="zdevelop/tests/test_integration.py" line="489" name="test_set_bell_prices[9-2]" time="3.005"></testcase><testcase classname="zdevelop.tests.test_integration.TestLifecycle" file="zdevelop/tests/test_integration.py" line="489" name="test_set_bell_prices[10-1]" time="1.378"></testcase><testcase classname="zdevelop.tests.test_integration.TestLifecycle" file="zdevelop/tests/test_integration.py" line="489" name="test_set_bell_prices[10-2]" time="1.394"></testcase><testcase classname="zdevelop.tests.test_integration.TestLifecycle" file="zdevelop/tests/test_integration.py" line="489" name="test_set_bell_prices[11-1]" time="2.633"></testcase><testcase classname="zdevelop.tests.test_integration.TestLifecycle" file="zdevelop/tests/test_integration.py" line="489" name="test_set_bell_prices[11-2]" time="1.601"></testcase><testcase classname="zdevelop.tests.test_integration.TestLifecycle" file="zdevelop/tests/test_integration.py" line="489" name="test_set_bell_prices[12-1]" time="3.315"></testcase><testcase classname="zdevelop.tests.test_integration.TestLifecycle" file="zdevelop/tests/test_integration.py" line="489" name="test_set_bell_prices[12-2]" time="1.540"></testcase><testcase classname="zdevelop.tests.test_integration.TestLifecycle" file="zdevelop/tests/test_integration.py" line="658" name="test_ticker_db_values" time="0.007"></testcase><testcase classname="zdevelop.tests.test_integration.TestLifecycle" file="zdevelop/tests/test_integration.py" line="678" name="test_ticker_db_values_user2" time="0.005"></testcase><testcase classname="zdevelop.tests.test_integration.TestLifecycle" file="zdevelop/tests/test_integration.py" line="700" name="test_fetch_past_ticker[0]" time="3.516"></testcase><testcase classname="zdevelop.tests.test_integration.TestLifecycle" file="zdevelop/tests/test_integration.py" line="700" name="test_fetch_past_ticker[1]" time="0.703"></testcase><testcase classname="zdevelop.tests.test_integration.TestLifecycle" file="zdevelop/tests/test_integration.py" line="700" name="test_fetch_past_ticker[6]" time="4.632"></testcase><testcase classname="zdevelop.tests.test_integration.TestLifecycle" file="zdevelop/tests/test_integration.py" line="786" name="test_set_missed_am_ticker" time="1.320"></testcase><testcase classname="zdevelop.tests.test_integration.TestLifecycle" file="zdevelop/tests/test_integration.py" line="834" name="test_set_missed_previous_ticker[$ticker {} PM 4/17-410]" time="1.321"></testcase><testcase classname="zdevelop.tests.test_integration.TestLifecycle" file="zdevelop/tests/test_integration.py" line="834" name="test_set_missed_previous_ticker[$ticker {} 4/17 PM-411]" time="1.423"></testcase><testcase classname="zdevelop.tests.test_integration.TestLifecycle" file="zdevelop/tests/test_integration.py" line="834" name="test_set_missed_previous_ticker[$ticker PM {} 4/17-412]" time="1.325"></testcase><testcase classname="zdevelop.tests.test_integration.TestLifecycle" file="zdevelop/tests/test_integration.py" line="834" name="test_set_missed_previous_ticker[$ticker PM 4/17 {}-413]" time="1.322"></testcase><testcase classname="zdevelop.tests.test_integration.TestLifecycle" file="zdevelop/tests/test_integration.py" line="834" name="test_set_missed_previous_ticker[$ticker 4/17 PM {}-414]" time="1.624"></testcase><testcase classname="zdevelop.tests.test_integration.TestLifecycle" file="zdevelop/tests/test_integration.py" line="834" name="test_set_missed_previous_ticker[$ticker 4/17 {} PM-415]" time="1.624"></testcase><testcase classname="zdevelop.tests.test_integration.TestLifecycle" file="zdevelop/tests/test_integration.py" line="834" name="test_set_missed_previous_ticker[$ticker {} bells PM 4/17-416]" time="1.421"></testcase><testcase classname="zdevelop.tests.test_integration.TestLifecycle" file="zdevelop/tests/test_integration.py" line="834" name="test_set_missed_previous_ticker[$ticker {} bells 4/17 PM-417]" time="1.523"></testcase><testcase classname="zdevelop.tests.test_integration.TestLifecycle" file="zdevelop/tests/test_integration.py" line="834" name="test_set_missed_previous_ticker[$ticker PM {} bells 4/17-418]" time="1.424"></testcase><testcase classname="zdevelop.tests.test_integration.TestLifecycle" file="zdevelop/tests/test_integration.py" line="834" name="test_set_missed_previous_ticker[$ticker PM 4/17 {} bells-419]" time="1.423"></testcase><testcase classname="zdevelop.tests.test_integration.TestLifecycle" file="zdevelop/tests/test_integration.py" line="834" name="test_set_missed_previous_ticker[$ticker 4/17 PM {} bells-420]" time="1.322"></testcase><testcase classname="zdevelop.tests.test_integration.TestLifecycle" file="zdevelop/tests/test_integration.py" line="834" name="test_set_missed_previous_ticker[$ticker 4/17 {} bells PM-421]" time="1.522"></testcase><testcase classname="zdevelop.tests.test_integration.TestLifecycle" file="zdevelop/tests/test_integration.py" line="834" name="test_set_missed_previous_ticker[$ticker 4/17/2020 {} bells PM-422]" time="1.321"></testcase><testcase classname="zdevelop.tests.test_integration.TestLifecycle" file="zdevelop/tests/test_integration.py" line="907" name="test_previous_year" time="0.258"></testcase><testcase classname="zdevelop.tests.test_integration.TestLifecycle" file="zdevelop/tests/test_integration.py" line="947" name="test_time_traveller_error" time="0.177"></testcase><testcase classname="zdevelop.tests.test_integration.TestLifecycle" file="zdevelop/tests/test_integration.py" line="976" name="test_time_of_day_required_error" time="0.187"></testcase><testcase classname="zdevelop.tests.test_integration.TestLifecycle" file="zdevelop/tests/test_integration.py" line="1010" name="test_impossible_ticker_error" time="2.260"></testcase></testsuite></testsuites>