<?xml version="1.0" encoding="utf-8"?><testsuites><testsuite errors="0" failures="0" hostname="fv-az578" name="pytest" skipped="0" tests="46" time="74.075" timestamp="2020-04-25T21:00:29.872522"><testcase classname="zdevelop.tests.test_integration.TestLifecycle" file="zdevelop/tests/test_integration.py" line="82" name="test_login" time="5.304"></testcase><testcase classname="zdevelop.tests.test_integration.TestLifecycle" file="zdevelop/tests/test_integration.py" line="92" name="test_server_indexes_created" time="0.023"></testcase><testcase classname="zdevelop.tests.test_integration.TestLifecycle" file="zdevelop/tests/test_integration.py" line="106" name="test_user_indexes_created" time="0.003"></testcase><testcase classname="zdevelop.tests.test_integration.TestLifecycle" file="zdevelop/tests/test_integration.py" line="120" name="test_ticker_indexes_created" time="0.003"></testcase><testcase classname="zdevelop.tests.test_integration.TestLifecycle" file="zdevelop/tests/test_integration.py" line="143" name="test_server_added" time="0.004"></testcase><testcase classname="zdevelop.tests.test_integration.TestLifecycle" file="zdevelop/tests/test_integration.py" line="158" name="test_users_added" time="0.003"></testcase><testcase classname="zdevelop.tests.test_integration.TestLifecycle" file="zdevelop/tests/test_integration.py" line="175" name="test_error_on_no_timezone" time="0.259"></testcase><testcase classname="zdevelop.tests.test_integration.TestLifecycle" file="zdevelop/tests/test_integration.py" line="193" name="test_error_bad_tz" time="0.346"></testcase><testcase classname="zdevelop.tests.test_integration.TestLifecycle" file="zdevelop/tests/test_integration.py" line="211" name="test_set_timezone_response" time="0.222"></testcase><testcase classname="zdevelop.tests.test_integration.TestLifecycle" file="zdevelop/tests/test_integration.py" line="229" name="test_set_timezone_db" time="0.006"></testcase><testcase classname="zdevelop.tests.test_integration.TestLifecycle" file="zdevelop/tests/test_integration.py" line="242" name="test_set_bulletin_channel" time="0.270"></testcase><testcase classname="zdevelop.tests.test_integration.TestLifecycle" file="zdevelop/tests/test_integration.py" line="259" name="test_set_bulletin_channel_db" time="0.004"></testcase><testcase classname="zdevelop.tests.test_integration.TestLifecycle" file="zdevelop/tests/test_integration.py" line="270" name="test_set_bell_prices[0]" time="4.224"></testcase><testcase classname="zdevelop.tests.test_integration.TestLifecycle" file="zdevelop/tests/test_integration.py" line="270" name="test_set_bell_prices[1]" time="0.812"></testcase><testcase classname="zdevelop.tests.test_integration.TestLifecycle" file="zdevelop/tests/test_integration.py" line="270" name="test_set_bell_prices[2]" time="4.522"></testcase><testcase classname="zdevelop.tests.test_integration.TestLifecycle" file="zdevelop/tests/test_integration.py" line="270" name="test_set_bell_prices[3]" time="0.889"></testcase><testcase classname="zdevelop.tests.test_integration.TestLifecycle" file="zdevelop/tests/test_integration.py" line="270" name="test_set_bell_prices[4]" time="4.498"></testcase><testcase classname="zdevelop.tests.test_integration.TestLifecycle" file="zdevelop/tests/test_integration.py" line="270" name="test_set_bell_prices[5]" time="4.579"></testcase><testcase classname="zdevelop.tests.test_integration.TestLifecycle" file="zdevelop/tests/test_integration.py" line="270" name="test_set_bell_prices[6]" time="0.798"></testcase><testcase classname="zdevelop.tests.test_integration.TestLifecycle" file="zdevelop/tests/test_integration.py" line="270" name="test_set_bell_prices[7]" time="4.557"></testcase><testcase classname="zdevelop.tests.test_integration.TestLifecycle" file="zdevelop/tests/test_integration.py" line="270" name="test_set_bell_prices[8]" time="0.840"></testcase><testcase classname="zdevelop.tests.test_integration.TestLifecycle" file="zdevelop/tests/test_integration.py" line="270" name="test_set_bell_prices[9]" time="4.537"></testcase><testcase classname="zdevelop.tests.test_integration.TestLifecycle" file="zdevelop/tests/test_integration.py" line="270" name="test_set_bell_prices[10]" time="4.686"></testcase><testcase classname="zdevelop.tests.test_integration.TestLifecycle" file="zdevelop/tests/test_integration.py" line="270" name="test_set_bell_prices[11]" time="0.836"></testcase><testcase classname="zdevelop.tests.test_integration.TestLifecycle" file="zdevelop/tests/test_integration.py" line="270" name="test_set_bell_prices[12]" time="4.502"></testcase><testcase classname="zdevelop.tests.test_integration.TestLifecycle" file="zdevelop/tests/test_integration.py" line="366" name="test_ticker_db_values" time="0.010"></testcase><testcase classname="zdevelop.tests.test_integration.TestLifecycle" file="zdevelop/tests/test_integration.py" line="385" name="test_fetch_past_ticker[0]" time="0.720"></testcase><testcase classname="zdevelop.tests.test_integration.TestLifecycle" file="zdevelop/tests/test_integration.py" line="385" name="test_fetch_past_ticker[1]" time="4.563"></testcase><testcase classname="zdevelop.tests.test_integration.TestLifecycle" file="zdevelop/tests/test_integration.py" line="385" name="test_fetch_past_ticker[6]" time="4.728"></testcase><testcase classname="zdevelop.tests.test_integration.TestLifecycle" file="zdevelop/tests/test_integration.py" line="469" name="test_set_missed_am_ticker" time="0.239"></testcase><testcase classname="zdevelop.tests.test_integration.TestLifecycle" file="zdevelop/tests/test_integration.py" line="515" name="test_set_missed_previous_ticker[$ticker {} PM 4/14-201]" time="0.227"></testcase><testcase classname="zdevelop.tests.test_integration.TestLifecycle" file="zdevelop/tests/test_integration.py" line="515" name="test_set_missed_previous_ticker[$ticker {} 4/14 PM-202]" time="0.257"></testcase><testcase classname="zdevelop.tests.test_integration.TestLifecycle" file="zdevelop/tests/test_integration.py" line="515" name="test_set_missed_previous_ticker[$ticker PM {} 4/14-203]" time="0.257"></testcase><testcase classname="zdevelop.tests.test_integration.TestLifecycle" file="zdevelop/tests/test_integration.py" line="515" name="test_set_missed_previous_ticker[$ticker PM 4/14 {}-204]" time="4.096"></testcase><testcase classname="zdevelop.tests.test_integration.TestLifecycle" file="zdevelop/tests/test_integration.py" line="515" name="test_set_missed_previous_ticker[$ticker 4/14 PM {}-205]" time="0.216"></testcase><testcase classname="zdevelop.tests.test_integration.TestLifecycle" file="zdevelop/tests/test_integration.py" line="515" name="test_set_missed_previous_ticker[$ticker 4/14 {} PM-206]" time="0.224"></testcase><testcase classname="zdevelop.tests.test_integration.TestLifecycle" file="zdevelop/tests/test_integration.py" line="515" name="test_set_missed_previous_ticker[$ticker {} bells PM 4/14-207]" time="0.256"></testcase><testcase classname="zdevelop.tests.test_integration.TestLifecycle" file="zdevelop/tests/test_integration.py" line="515" name="test_set_missed_previous_ticker[$ticker {} bells 4/14 PM-208]" time="0.280"></testcase><testcase classname="zdevelop.tests.test_integration.TestLifecycle" file="zdevelop/tests/test_integration.py" line="515" name="test_set_missed_previous_ticker[$ticker PM {} bells 4/14-209]" time="4.194"></testcase><testcase classname="zdevelop.tests.test_integration.TestLifecycle" file="zdevelop/tests/test_integration.py" line="515" name="test_set_missed_previous_ticker[$ticker PM 4/14 {} bells-210]" time="0.203"></testcase><testcase classname="zdevelop.tests.test_integration.TestLifecycle" file="zdevelop/tests/test_integration.py" line="515" name="test_set_missed_previous_ticker[$ticker 4/14 PM {} bells-211]" time="0.246"></testcase><testcase classname="zdevelop.tests.test_integration.TestLifecycle" file="zdevelop/tests/test_integration.py" line="515" name="test_set_missed_previous_ticker[$ticker 4/14 {} bells PM-212]" time="0.242"></testcase><testcase classname="zdevelop.tests.test_integration.TestLifecycle" file="zdevelop/tests/test_integration.py" line="515" name="test_set_missed_previous_ticker[$ticker 4/14/2020 {} bells PM-212]" time="0.190"></testcase><testcase classname="zdevelop.tests.test_integration.TestLifecycle" file="zdevelop/tests/test_integration.py" line="587" name="test_previous_year" time="4.173"></testcase><testcase classname="zdevelop.tests.test_integration.TestLifecycle" file="zdevelop/tests/test_integration.py" line="625" name="test_time_traveller_error" time="0.277"></testcase><testcase classname="zdevelop.tests.test_integration.TestLifecycle" file="zdevelop/tests/test_integration.py" line="654" name="test_time_of_day_required_error" time="0.630"></testcase></testsuite></testsuites>