<?xml version="1.0" encoding="utf-8"?><testsuites><testsuite errors="0" failures="0" hostname="fv-az659" name="pytest" skipped="0" tests="46" time="75.518" timestamp="2020-04-25T12:05:37.453407"><testcase classname="zdevelop.tests.test_integration.TestLifecycle" file="zdevelop/tests/test_integration.py" line="82" name="test_login" time="5.482"></testcase><testcase classname="zdevelop.tests.test_integration.TestLifecycle" file="zdevelop/tests/test_integration.py" line="92" name="test_server_indexes_created" time="0.014"></testcase><testcase classname="zdevelop.tests.test_integration.TestLifecycle" file="zdevelop/tests/test_integration.py" line="106" name="test_user_indexes_created" time="0.002"></testcase><testcase classname="zdevelop.tests.test_integration.TestLifecycle" file="zdevelop/tests/test_integration.py" line="120" name="test_ticker_indexes_created" time="0.002"></testcase><testcase classname="zdevelop.tests.test_integration.TestLifecycle" file="zdevelop/tests/test_integration.py" line="143" name="test_server_added" time="0.003"></testcase><testcase classname="zdevelop.tests.test_integration.TestLifecycle" file="zdevelop/tests/test_integration.py" line="158" name="test_users_added" time="0.002"></testcase><testcase classname="zdevelop.tests.test_integration.TestLifecycle" file="zdevelop/tests/test_integration.py" line="175" name="test_error_on_no_timezone" time="0.302"></testcase><testcase classname="zdevelop.tests.test_integration.TestLifecycle" file="zdevelop/tests/test_integration.py" line="193" name="test_error_bad_tz" time="0.328"></testcase><testcase classname="zdevelop.tests.test_integration.TestLifecycle" file="zdevelop/tests/test_integration.py" line="211" name="test_set_timezone_response" time="0.324"></testcase><testcase classname="zdevelop.tests.test_integration.TestLifecycle" file="zdevelop/tests/test_integration.py" line="229" name="test_set_timezone_db" time="0.003"></testcase><testcase classname="zdevelop.tests.test_integration.TestLifecycle" file="zdevelop/tests/test_integration.py" line="242" name="test_set_bulletin_channel" time="0.357"></testcase><testcase classname="zdevelop.tests.test_integration.TestLifecycle" file="zdevelop/tests/test_integration.py" line="259" name="test_set_bulletin_channel_db" time="0.004"></testcase><testcase classname="zdevelop.tests.test_integration.TestLifecycle" file="zdevelop/tests/test_integration.py" line="270" name="test_set_bell_prices[0]" time="4.145"></testcase><testcase classname="zdevelop.tests.test_integration.TestLifecycle" file="zdevelop/tests/test_integration.py" line="270" name="test_set_bell_prices[1]" time="1.077"></testcase><testcase classname="zdevelop.tests.test_integration.TestLifecycle" file="zdevelop/tests/test_integration.py" line="270" name="test_set_bell_prices[2]" time="4.385"></testcase><testcase classname="zdevelop.tests.test_integration.TestLifecycle" file="zdevelop/tests/test_integration.py" line="270" name="test_set_bell_prices[3]" time="1.053"></testcase><testcase classname="zdevelop.tests.test_integration.TestLifecycle" file="zdevelop/tests/test_integration.py" line="270" name="test_set_bell_prices[4]" time="4.428"></testcase><testcase classname="zdevelop.tests.test_integration.TestLifecycle" file="zdevelop/tests/test_integration.py" line="270" name="test_set_bell_prices[5]" time="4.567"></testcase><testcase classname="zdevelop.tests.test_integration.TestLifecycle" file="zdevelop/tests/test_integration.py" line="270" name="test_set_bell_prices[6]" time="1.028"></testcase><testcase classname="zdevelop.tests.test_integration.TestLifecycle" file="zdevelop/tests/test_integration.py" line="270" name="test_set_bell_prices[7]" time="4.575"></testcase><testcase classname="zdevelop.tests.test_integration.TestLifecycle" file="zdevelop/tests/test_integration.py" line="270" name="test_set_bell_prices[8]" time="0.962"></testcase><testcase classname="zdevelop.tests.test_integration.TestLifecycle" file="zdevelop/tests/test_integration.py" line="270" name="test_set_bell_prices[9]" time="4.535"></testcase><testcase classname="zdevelop.tests.test_integration.TestLifecycle" file="zdevelop/tests/test_integration.py" line="270" name="test_set_bell_prices[10]" time="4.518"></testcase><testcase classname="zdevelop.tests.test_integration.TestLifecycle" file="zdevelop/tests/test_integration.py" line="270" name="test_set_bell_prices[11]" time="1.054"></testcase><testcase classname="zdevelop.tests.test_integration.TestLifecycle" file="zdevelop/tests/test_integration.py" line="270" name="test_set_bell_prices[12]" time="4.406"></testcase><testcase classname="zdevelop.tests.test_integration.TestLifecycle" file="zdevelop/tests/test_integration.py" line="366" name="test_ticker_db_values" time="0.004"></testcase><testcase classname="zdevelop.tests.test_integration.TestLifecycle" file="zdevelop/tests/test_integration.py" line="385" name="test_fetch_past_ticker[0]" time="0.823"></testcase><testcase classname="zdevelop.tests.test_integration.TestLifecycle" file="zdevelop/tests/test_integration.py" line="385" name="test_fetch_past_ticker[1]" time="4.587"></testcase><testcase classname="zdevelop.tests.test_integration.TestLifecycle" file="zdevelop/tests/test_integration.py" line="385" name="test_fetch_past_ticker[6]" time="4.646"></testcase><testcase classname="zdevelop.tests.test_integration.TestLifecycle" file="zdevelop/tests/test_integration.py" line="469" name="test_set_missed_am_ticker" time="0.361"></testcase><testcase classname="zdevelop.tests.test_integration.TestLifecycle" file="zdevelop/tests/test_integration.py" line="515" name="test_set_missed_previous_ticker[$ticker {} PM 4/14-201]" time="0.257"></testcase><testcase classname="zdevelop.tests.test_integration.TestLifecycle" file="zdevelop/tests/test_integration.py" line="515" name="test_set_missed_previous_ticker[$ticker {} 4/14 PM-202]" time="0.375"></testcase><testcase classname="zdevelop.tests.test_integration.TestLifecycle" file="zdevelop/tests/test_integration.py" line="515" name="test_set_missed_previous_ticker[$ticker PM {} 4/14-203]" time="0.284"></testcase><testcase classname="zdevelop.tests.test_integration.TestLifecycle" file="zdevelop/tests/test_integration.py" line="515" name="test_set_missed_previous_ticker[$ticker PM 4/14 {}-204]" time="3.825"></testcase><testcase classname="zdevelop.tests.test_integration.TestLifecycle" file="zdevelop/tests/test_integration.py" line="515" name="test_set_missed_previous_ticker[$ticker 4/14 PM {}-205]" time="0.272"></testcase><testcase classname="zdevelop.tests.test_integration.TestLifecycle" file="zdevelop/tests/test_integration.py" line="515" name="test_set_missed_previous_ticker[$ticker 4/14 {} PM-206]" time="0.466"></testcase><testcase classname="zdevelop.tests.test_integration.TestLifecycle" file="zdevelop/tests/test_integration.py" line="515" name="test_set_missed_previous_ticker[$ticker {} bells PM 4/14-207]" time="0.291"></testcase><testcase classname="zdevelop.tests.test_integration.TestLifecycle" file="zdevelop/tests/test_integration.py" line="515" name="test_set_missed_previous_ticker[$ticker {} bells 4/14 PM-208]" time="0.301"></testcase><testcase classname="zdevelop.tests.test_integration.TestLifecycle" file="zdevelop/tests/test_integration.py" line="515" name="test_set_missed_previous_ticker[$ticker PM {} bells 4/14-209]" time="3.884"></testcase><testcase classname="zdevelop.tests.test_integration.TestLifecycle" file="zdevelop/tests/test_integration.py" line="515" name="test_set_missed_previous_ticker[$ticker PM 4/14 {} bells-210]" time="0.338"></testcase><testcase classname="zdevelop.tests.test_integration.TestLifecycle" file="zdevelop/tests/test_integration.py" line="515" name="test_set_missed_previous_ticker[$ticker 4/14 PM {} bells-211]" time="0.538"></testcase><testcase classname="zdevelop.tests.test_integration.TestLifecycle" file="zdevelop/tests/test_integration.py" line="515" name="test_set_missed_previous_ticker[$ticker 4/14 {} bells PM-212]" time="0.319"></testcase><testcase classname="zdevelop.tests.test_integration.TestLifecycle" file="zdevelop/tests/test_integration.py" line="515" name="test_set_missed_previous_ticker[$ticker 4/14/2020 {} bells PM-212]" time="0.278"></testcase><testcase classname="zdevelop.tests.test_integration.TestLifecycle" file="zdevelop/tests/test_integration.py" line="587" name="test_previous_year" time="3.616"></testcase><testcase classname="zdevelop.tests.test_integration.TestLifecycle" file="zdevelop/tests/test_integration.py" line="625" name="test_time_traveller_error" time="0.332"></testcase><testcase classname="zdevelop.tests.test_integration.TestLifecycle" file="zdevelop/tests/test_integration.py" line="654" name="test_time_of_day_required_error" time="0.935"></testcase></testsuite></testsuites>